-- Install configuration: ""
-- Up-to-date: /home/srki/yara_ws/install/yara_moveit/share/ament_index/resource_index/package_run_dependencies/yara_moveit
-- Up-to-date: /home/srki/yara_ws/install/yara_moveit/share/ament_index/resource_index/parent_prefix_path/yara_moveit
-- Up-to-date: /home/srki/yara_ws/install/yara_moveit/share/yara_moveit/environment/ament_prefix_path.sh
-- Up-to-date: /home/srki/yara_ws/install/yara_moveit/share/yara_moveit/environment/ament_prefix_path.dsv
-- Up-to-date: /home/srki/yara_ws/install/yara_moveit/share/yara_moveit/environment/path.sh
-- Up-to-date: /home/srki/yara_ws/install/yara_moveit/share/yara_moveit/environment/path.dsv
-- Up-to-date: /home/srki/yara_ws/install/yara_moveit/share/yara_moveit/local_setup.bash
-- Up-to-date: /home/srki/yara_ws/install/yara_moveit/share/yara_moveit/local_setup.sh
-- Up-to-date: /home/srki/yara_ws/install/yara_moveit/share/yara_moveit/local_setup.zsh
-- Up-to-date: /home/srki/yara_ws/install/yara_moveit/share/yara_moveit/local_setup.dsv
-- Installing: /home/srki/yara_ws/install/yara_moveit/share/yara_moveit/package.dsv
-- Up-to-date: /home/srki/yara_ws/install/yara_moveit/share/ament_index/resource_index/packages/yara_moveit
-- Up-to-date: /home/srki/yara_ws/install/yara_moveit/share/yara_moveit/cmake/yara_moveitConfig.cmake
-- Up-to-date: /home/srki/yara_ws/install/yara_moveit/share/yara_moveit/cmake/yara_moveitConfig-version.cmake
-- Up-to-date: /home/srki/yara_ws/install/yara_moveit/share/yara_moveit/package.xml
-- Up-to-date: /home/srki/yara_ws/install/yara_moveit/share/yara_moveit/launch
-- Up-to-date: /home/srki/yara_ws/install/yara_moveit/share/yara_moveit/launch/demo.launch.py
-- Up-to-date: /home/srki/yara_ws/install/yara_moveit/share/yara_moveit/launch/spawn_controllers.launch.py
-- Up-to-date: /home/srki/yara_ws/install/yara_moveit/share/yara_moveit/launch/moveit_rviz.launch.py
-- Up-to-date: /home/srki/yara_ws/install/yara_moveit/share/yara_moveit/launch/setup_assistant.launch.py
-- Up-to-date: /home/srki/yara_ws/install/yara_moveit/share/yara_moveit/launch/warehouse_db.launch.py
-- Up-to-date: /home/srki/yara_ws/install/yara_moveit/share/yara_moveit/launch/move_group.launch.py
-- Up-to-date: /home/srki/yara_ws/install/yara_moveit/share/yara_moveit/launch/rsp.launch.py
-- Up-to-date: /home/srki/yara_ws/install/yara_moveit/share/yara_moveit/launch/static_virtual_joint_tfs.launch.py
-- Up-to-date: /home/srki/yara_ws/install/yara_moveit/share/yara_moveit/config
-- Up-to-date: /home/srki/yara_ws/install/yara_moveit/share/yara_moveit/config/ros2_controllers.yaml
-- Up-to-date: /home/srki/yara_ws/install/yara_moveit/share/yara_moveit/config/joint_limits.yaml
-- Up-to-date: /home/srki/yara_ws/install/yara_moveit/share/yara_moveit/config/yara.srdf
-- Up-to-date: /home/srki/yara_ws/install/yara_moveit/share/yara_moveit/config/yara.ros2_control.xacro
-- Up-to-date: /home/srki/yara_ws/install/yara_moveit/share/yara_moveit/config/kinematics.yaml
-- Up-to-date: /home/srki/yara_ws/install/yara_moveit/share/yara_moveit/config/sensors_3d.yaml
-- Up-to-date: /home/srki/yara_ws/install/yara_moveit/share/yara_moveit/config/moveit.rviz
-- Up-to-date: /home/srki/yara_ws/install/yara_moveit/share/yara_moveit/config/initial_positions.yaml
-- Up-to-date: /home/srki/yara_ws/install/yara_moveit/share/yara_moveit/config/pilz_cartesian_limits.yaml
-- Up-to-date: /home/srki/yara_ws/install/yara_moveit/share/yara_moveit/config/yara.urdf.xacro
-- Up-to-date: /home/srki/yara_ws/install/yara_moveit/share/yara_moveit/config/moveit_controllers.yaml
-- Up-to-date: /home/srki/yara_ws/install/yara_moveit/share/yara_moveit/.setup_assistant
