[1.092s] Invoking command in '/home/srki/yara_ws/src/yara_description': DEBUGINFOD_URLS=https://debuginfod.ubuntu.com PYTHONPATH=/home/srki/yara_ws/build/yara_description/prefix_override:/usr/lib/python3/dist-packages/colcon_core/task/python/colcon_distutils_commands:/home/srki/yara_ws/install/yara_description/lib/python3.12/site-packages:${PYTHONPATH} /usr/bin/python3 -W ignore:setup.py install is deprecated -W ignore:easy_install command is deprecated setup.py egg_info --egg-base ../../build/yara_description build --build-base /home/srki/yara_ws/build/yara_description/build install --record /home/srki/yara_ws/build/yara_description/install.log --single-version-externally-managed install_data
[1.380s] running egg_info
[1.380s] creating ../../build/yara_description/yara_description.egg-info
[1.405s] writing ../../build/yara_description/yara_description.egg-info/PKG-INFO
[1.406s] writing dependency_links to ../../build/yara_description/yara_description.egg-info/dependency_links.txt
[1.406s] writing requirements to ../../build/yara_description/yara_description.egg-info/requires.txt
[1.406s] writing top-level names to ../../build/yara_description/yara_description.egg-info/top_level.txt
[1.406s] writing manifest file '../../build/yara_description/yara_description.egg-info/SOURCES.txt'
[1.458s] reading manifest file '../../build/yara_description/yara_description.egg-info/SOURCES.txt'
[1.458s] adding license file 'LICENSE'
[1.459s] writing manifest file '../../build/yara_description/yara_description.egg-info/SOURCES.txt'
[1.459s] running build
[1.459s] running build_py
[1.459s] creating /home/srki/yara_ws/build/yara_description/build
[1.459s] creating /home/srki/yara_ws/build/yara_description/build/lib
[1.459s] creating /home/srki/yara_ws/build/yara_description/build/lib/yara_description
[1.459s] copying yara_description/__init__.py -> /home/srki/yara_ws/build/yara_description/build/lib/yara_description
[1.459s] running install
[1.465s] running install_lib
[1.492s] creating /home/srki/yara_ws/install/yara_description/lib/python3.12/site-packages/yara_description
[1.492s] copying /home/srki/yara_ws/build/yara_description/build/lib/yara_description/__init__.py -> /home/srki/yara_ws/install/yara_description/lib/python3.12/site-packages/yara_description
[1.493s] byte-compiling /home/srki/yara_ws/install/yara_description/lib/python3.12/site-packages/yara_description/__init__.py to __init__.cpython-312.pyc
[1.493s] running install_data
[1.493s] creating /home/srki/yara_ws/install/yara_description/share/ament_index
[1.493s] creating /home/srki/yara_ws/install/yara_description/share/ament_index/resource_index
[1.493s] creating /home/srki/yara_ws/install/yara_description/share/ament_index/resource_index/packages
[1.493s] copying resource/yara_description -> /home/srki/yara_ws/install/yara_description/share/ament_index/resource_index/packages
[1.493s] copying package.xml -> /home/srki/yara_ws/install/yara_description/share/yara_description
[1.493s] copying urdf/display.rviz -> /home/srki/yara_ws/install/yara_description/share/yara_description
[1.493s] copying urdf/yara.urdf -> /home/srki/yara_ws/install/yara_description/share/yara_description
[1.494s] running install_egg_info
[1.522s] Copying ../../build/yara_description/yara_description.egg-info to /home/srki/yara_ws/install/yara_description/lib/python3.12/site-packages/yara_description-0.0.0-py3.12.egg-info
[1.522s] running install_scripts
[1.688s] writing list of installed files to '/home/srki/yara_ws/build/yara_description/install.log'
[1.713s] Invoked command in '/home/srki/yara_ws/src/yara_description' returned '0': DEBUGINFOD_URLS=https://debuginfod.ubuntu.com PYTHONPATH=/home/srki/yara_ws/build/yara_description/prefix_override:/usr/lib/python3/dist-packages/colcon_core/task/python/colcon_distutils_commands:/home/srki/yara_ws/install/yara_description/lib/python3.12/site-packages:${PYTHONPATH} /usr/bin/python3 -W ignore:setup.py install is deprecated -W ignore:easy_install command is deprecated setup.py egg_info --egg-base ../../build/yara_description build --build-base /home/srki/yara_ws/build/yara_description/build install --record /home/srki/yara_ws/build/yara_description/install.log --single-version-externally-managed install_data
