[1.050s] Invoking command in '/home/srki/yara_ws/src/yara_description': DEBUGINFOD_URLS=https://debuginfod.ubuntu.com PYTHONPATH=/home/srki/yara_ws/build/yara_description/prefix_override:/usr/lib/python3/dist-packages/colcon_core/task/python/colcon_distutils_commands:/home/srki/yara_ws/install/yara_description/lib/python3.12/site-packages:${PYTHONPATH} /usr/bin/python3 -W ignore:setup.py install is deprecated -W ignore:easy_install command is deprecated setup.py egg_info --egg-base ../../build/yara_description build --build-base /home/srki/yara_ws/build/yara_description/build install --record /home/srki/yara_ws/build/yara_description/install.log --single-version-externally-managed install_data
[1.345s] running egg_info
[1.370s] writing ../../build/yara_description/yara_description.egg-info/PKG-INFO
[1.370s] writing dependency_links to ../../build/yara_description/yara_description.egg-info/dependency_links.txt
[1.371s] writing requirements to ../../build/yara_description/yara_description.egg-info/requires.txt
[1.371s] writing top-level names to ../../build/yara_description/yara_description.egg-info/top_level.txt
[1.421s] reading manifest file '../../build/yara_description/yara_description.egg-info/SOURCES.txt'
[1.421s] adding license file 'LICENSE'
[1.421s] writing manifest file '../../build/yara_description/yara_description.egg-info/SOURCES.txt'
[1.422s] running build
[1.422s] running build_py
[1.422s] running install
[1.427s] running install_lib
[1.453s] running install_data
[1.454s] copying urdf/yara.urdf -> /home/srki/yara_ws/install/yara_description/share/yara_description
[1.454s] running install_egg_info
[1.480s] removing '/home/srki/yara_ws/install/yara_description/lib/python3.12/site-packages/yara_description-0.0.0-py3.12.egg-info' (and everything under it)
[1.480s] Copying ../../build/yara_description/yara_description.egg-info to /home/srki/yara_ws/install/yara_description/lib/python3.12/site-packages/yara_description-0.0.0-py3.12.egg-info
[1.481s] running install_scripts
[1.643s] writing list of installed files to '/home/srki/yara_ws/build/yara_description/install.log'
[1.672s] Invoked command in '/home/srki/yara_ws/src/yara_description' returned '0': DEBUGINFOD_URLS=https://debuginfod.ubuntu.com PYTHONPATH=/home/srki/yara_ws/build/yara_description/prefix_override:/usr/lib/python3/dist-packages/colcon_core/task/python/colcon_distutils_commands:/home/srki/yara_ws/install/yara_description/lib/python3.12/site-packages:${PYTHONPATH} /usr/bin/python3 -W ignore:setup.py install is deprecated -W ignore:easy_install command is deprecated setup.py egg_info --egg-base ../../build/yara_description build --build-base /home/srki/yara_ws/build/yara_description/build install --record /home/srki/yara_ws/build/yara_description/install.log --single-version-externally-managed install_data
