[1.191s] Invoking command in '/home/srki/yara_ws/src/yara_description': DEBUGINFOD_URLS=https://debuginfod.ubuntu.com PYTHONPATH=/home/srki/yara_ws/build/yara_description/prefix_override:/usr/lib/python3/dist-packages/colcon_core/task/python/colcon_distutils_commands:/home/srki/yara_ws/install/yara_description/lib/python3.12/site-packages:${PYTHONPATH} /usr/bin/python3 -W ignore:setup.py install is deprecated -W ignore:easy_install command is deprecated setup.py egg_info --egg-base ../../build/yara_description build --build-base /home/srki/yara_ws/build/yara_description/build install --record /home/srki/yara_ws/build/yara_description/install.log --single-version-externally-managed install_data
[1.517s] running egg_info
[1.545s] writing ../../build/yara_description/yara_description.egg-info/PKG-INFO
[1.546s] writing dependency_links to ../../build/yara_description/yara_description.egg-info/dependency_links.txt
[1.546s] writing requirements to ../../build/yara_description/yara_description.egg-info/requires.txt
[1.546s] writing top-level names to ../../build/yara_description/yara_description.egg-info/top_level.txt
[1.602s] reading manifest file '../../build/yara_description/yara_description.egg-info/SOURCES.txt'
[1.602s] adding license file 'LICENSE'
[1.602s] writing manifest file '../../build/yara_description/yara_description.egg-info/SOURCES.txt'
[1.602s] running build
[1.603s] running build_py
[1.603s] running install
[1.609s] running install_lib
[1.637s] running install_data
[1.638s] running install_egg_info
[1.669s] removing '/home/srki/yara_ws/install/yara_description/lib/python3.12/site-packages/yara_description-0.0.0-py3.12.egg-info' (and everything under it)
[1.669s] Copying ../../build/yara_description/yara_description.egg-info to /home/srki/yara_ws/install/yara_description/lib/python3.12/site-packages/yara_description-0.0.0-py3.12.egg-info
[1.670s] running install_scripts
[1.845s] writing list of installed files to '/home/srki/yara_ws/build/yara_description/install.log'
[1.900s] Invoked command in '/home/srki/yara_ws/src/yara_description' returned '0': DEBUGINFOD_URLS=https://debuginfod.ubuntu.com PYTHONPATH=/home/srki/yara_ws/build/yara_description/prefix_override:/usr/lib/python3/dist-packages/colcon_core/task/python/colcon_distutils_commands:/home/srki/yara_ws/install/yara_description/lib/python3.12/site-packages:${PYTHONPATH} /usr/bin/python3 -W ignore:setup.py install is deprecated -W ignore:easy_install command is deprecated setup.py egg_info --egg-base ../../build/yara_description build --build-base /home/srki/yara_ws/build/yara_description/build install --record /home/srki/yara_ws/build/yara_description/install.log --single-version-externally-managed install_data
