[0.009s] Invoking command in '/home/srki/yara_ws/build/yara_moveit': AMENT_PREFIX_PATH=/home/srki/yara_ws/install/yara_description:/home/srki/yara_ws/install/yara_moveit:/home/srki/yara_ws/install/yara_driver:/opt/ros/jazzy CMAKE_PREFIX_PATH=${CMAKE_PREFIX_PATH}:/home/srki/yara_ws/install/yara_driver:/home/srki/yara_ws/install/yara_description:/opt/ros/jazzy DEBUGINFOD_URLS=https://debuginfod.ubuntu.com PYTHONPATH=/home/srki/yara_ws/install/yara_description/lib/python3.12/site-packages:/home/srki/yara_ws/install/yara_driver/lib/python3.12/site-packages:/opt/ros/jazzy/lib/python3.12/site-packages /usr/bin/cmake /home/srki/yara_ws/src/yara_moveit -DCMAKE_INSTALL_PREFIX=/home/srki/yara_ws/install/yara_moveit
[0.065s] -- The C compiler identification is GNU 13.3.0
[0.116s] -- The CXX compiler identification is GNU 13.3.0
[0.133s] -- Detecting C compiler ABI info
[0.223s] -- Detecting C compiler ABI info - done
[0.229s] -- Check for working C compiler: /usr/bin/cc - skipped
[0.229s] -- Detecting C compile features
[0.230s] -- Detecting C compile features - done
[0.239s] -- Detecting CXX compiler ABI info
[0.335s] -- Detecting CXX compiler ABI info - done
[0.342s] -- Check for working CXX compiler: /usr/bin/c++ - skipped
[0.342s] -- Detecting CXX compile features
[0.343s] -- Detecting CXX compile features - done
[0.347s] -- Found ament_cmake: 2.5.3 (/opt/ros/jazzy/share/ament_cmake/cmake)
[0.484s] -- Found Python3: /usr/bin/python3 (found version "3.12.3") found components: Interpreter 
[0.660s] -- Configuring done (0.6s)
[0.662s] -- Generating done (0.0s)
[0.663s] -- Build files have been written to: /home/srki/yara_ws/build/yara_moveit
[0.668s] Invoked command in '/home/srki/yara_ws/build/yara_moveit' returned '0': AMENT_PREFIX_PATH=/home/srki/yara_ws/install/yara_description:/home/srki/yara_ws/install/yara_moveit:/home/srki/yara_ws/install/yara_driver:/opt/ros/jazzy CMAKE_PREFIX_PATH=${CMAKE_PREFIX_PATH}:/home/srki/yara_ws/install/yara_driver:/home/srki/yara_ws/install/yara_description:/opt/ros/jazzy DEBUGINFOD_URLS=https://debuginfod.ubuntu.com PYTHONPATH=/home/srki/yara_ws/install/yara_description/lib/python3.12/site-packages:/home/srki/yara_ws/install/yara_driver/lib/python3.12/site-packages:/opt/ros/jazzy/lib/python3.12/site-packages /usr/bin/cmake /home/srki/yara_ws/src/yara_moveit -DCMAKE_INSTALL_PREFIX=/home/srki/yara_ws/install/yara_moveit
[0.669s] Invoking command in '/home/srki/yara_ws/build/yara_moveit': AMENT_PREFIX_PATH=/home/srki/yara_ws/install/yara_description:/home/srki/yara_ws/install/yara_moveit:/home/srki/yara_ws/install/yara_driver:/opt/ros/jazzy CMAKE_PREFIX_PATH=${CMAKE_PREFIX_PATH}:/home/srki/yara_ws/install/yara_driver:/home/srki/yara_ws/install/yara_description:/opt/ros/jazzy DEBUGINFOD_URLS=https://debuginfod.ubuntu.com PYTHONPATH=/home/srki/yara_ws/install/yara_description/lib/python3.12/site-packages:/home/srki/yara_ws/install/yara_driver/lib/python3.12/site-packages:/opt/ros/jazzy/lib/python3.12/site-packages /usr/bin/cmake --build /home/srki/yara_ws/build/yara_moveit -- -j16 -l16
[0.712s] Invoked command in '/home/srki/yara_ws/build/yara_moveit' returned '0': AMENT_PREFIX_PATH=/home/srki/yara_ws/install/yara_description:/home/srki/yara_ws/install/yara_moveit:/home/srki/yara_ws/install/yara_driver:/opt/ros/jazzy CMAKE_PREFIX_PATH=${CMAKE_PREFIX_PATH}:/home/srki/yara_ws/install/yara_driver:/home/srki/yara_ws/install/yara_description:/opt/ros/jazzy DEBUGINFOD_URLS=https://debuginfod.ubuntu.com PYTHONPATH=/home/srki/yara_ws/install/yara_description/lib/python3.12/site-packages:/home/srki/yara_ws/install/yara_driver/lib/python3.12/site-packages:/opt/ros/jazzy/lib/python3.12/site-packages /usr/bin/cmake --build /home/srki/yara_ws/build/yara_moveit -- -j16 -l16
[0.721s] Invoking command in '/home/srki/yara_ws/build/yara_moveit': AMENT_PREFIX_PATH=/home/srki/yara_ws/install/yara_description:/home/srki/yara_ws/install/yara_moveit:/home/srki/yara_ws/install/yara_driver:/opt/ros/jazzy CMAKE_PREFIX_PATH=${CMAKE_PREFIX_PATH}:/home/srki/yara_ws/install/yara_driver:/home/srki/yara_ws/install/yara_description:/opt/ros/jazzy DEBUGINFOD_URLS=https://debuginfod.ubuntu.com PYTHONPATH=/home/srki/yara_ws/install/yara_description/lib/python3.12/site-packages:/home/srki/yara_ws/install/yara_driver/lib/python3.12/site-packages:/opt/ros/jazzy/lib/python3.12/site-packages /usr/bin/cmake --install /home/srki/yara_ws/build/yara_moveit
[0.728s] -- Install configuration: ""
[0.729s] -- Installing: /home/srki/yara_ws/install/yara_moveit/share/ament_index/resource_index/package_run_dependencies/yara_moveit
[0.729s] -- Installing: /home/srki/yara_ws/install/yara_moveit/share/ament_index/resource_index/parent_prefix_path/yara_moveit
[0.729s] -- Installing: /home/srki/yara_ws/install/yara_moveit/share/yara_moveit/environment/ament_prefix_path.sh
[0.729s] -- Installing: /home/srki/yara_ws/install/yara_moveit/share/yara_moveit/environment/ament_prefix_path.dsv
[0.729s] -- Installing: /home/srki/yara_ws/install/yara_moveit/share/yara_moveit/environment/path.sh
[0.729s] -- Installing: /home/srki/yara_ws/install/yara_moveit/share/yara_moveit/environment/path.dsv
[0.729s] -- Installing: /home/srki/yara_ws/install/yara_moveit/share/yara_moveit/local_setup.bash
[0.729s] -- Installing: /home/srki/yara_ws/install/yara_moveit/share/yara_moveit/local_setup.sh
[0.730s] -- Installing: /home/srki/yara_ws/install/yara_moveit/share/yara_moveit/local_setup.zsh
[0.730s] -- Installing: /home/srki/yara_ws/install/yara_moveit/share/yara_moveit/local_setup.dsv
[0.730s] -- Installing: /home/srki/yara_ws/install/yara_moveit/share/yara_moveit/package.dsv
[0.730s] -- Installing: /home/srki/yara_ws/install/yara_moveit/share/ament_index/resource_index/packages/yara_moveit
[0.730s] -- Installing: /home/srki/yara_ws/install/yara_moveit/share/yara_moveit/cmake/yara_moveitConfig.cmake
[0.730s] -- Installing: /home/srki/yara_ws/install/yara_moveit/share/yara_moveit/cmake/yara_moveitConfig-version.cmake
[0.730s] -- Installing: /home/srki/yara_ws/install/yara_moveit/share/yara_moveit/package.xml
[0.730s] -- Installing: /home/srki/yara_ws/install/yara_moveit/share/yara_moveit/launch
[0.731s] -- Installing: /home/srki/yara_ws/install/yara_moveit/share/yara_moveit/launch/demo.launch.py
[0.731s] -- Installing: /home/srki/yara_ws/install/yara_moveit/share/yara_moveit/launch/spawn_controllers.launch.py
[0.731s] -- Installing: /home/srki/yara_ws/install/yara_moveit/share/yara_moveit/launch/moveit_rviz.launch.py
[0.731s] -- Installing: /home/srki/yara_ws/install/yara_moveit/share/yara_moveit/launch/setup_assistant.launch.py
[0.731s] -- Installing: /home/srki/yara_ws/install/yara_moveit/share/yara_moveit/launch/warehouse_db.launch.py
[0.731s] -- Installing: /home/srki/yara_ws/install/yara_moveit/share/yara_moveit/launch/move_group.launch.py
[0.731s] -- Installing: /home/srki/yara_ws/install/yara_moveit/share/yara_moveit/launch/rsp.launch.py
[0.731s] -- Installing: /home/srki/yara_ws/install/yara_moveit/share/yara_moveit/launch/static_virtual_joint_tfs.launch.py
[0.731s] -- Installing: /home/srki/yara_ws/install/yara_moveit/share/yara_moveit/config
[0.731s] -- Installing: /home/srki/yara_ws/install/yara_moveit/share/yara_moveit/config/ros2_controllers.yaml
[0.731s] -- Installing: /home/srki/yara_ws/install/yara_moveit/share/yara_moveit/config/joint_limits.yaml
[0.732s] -- Installing: /home/srki/yara_ws/install/yara_moveit/share/yara_moveit/config/yara.srdf
[0.732s] -- Installing: /home/srki/yara_ws/install/yara_moveit/share/yara_moveit/config/yara.ros2_control.xacro
[0.732s] -- Installing: /home/srki/yara_ws/install/yara_moveit/share/yara_moveit/config/kinematics.yaml
[0.732s] -- Installing: /home/srki/yara_ws/install/yara_moveit/share/yara_moveit/config/sensors_3d.yaml
[0.732s] -- Installing: /home/srki/yara_ws/install/yara_moveit/share/yara_moveit/config/moveit.rviz
[0.732s] -- Installing: /home/srki/yara_ws/install/yara_moveit/share/yara_moveit/config/initial_positions.yaml
[0.732s] -- Installing: /home/srki/yara_ws/install/yara_moveit/share/yara_moveit/config/pilz_cartesian_limits.yaml
[0.732s] -- Installing: /home/srki/yara_ws/install/yara_moveit/share/yara_moveit/config/yara.urdf.xacro
[0.732s] -- Installing: /home/srki/yara_ws/install/yara_moveit/share/yara_moveit/config/moveit_controllers.yaml
[0.733s] -- Installing: /home/srki/yara_ws/install/yara_moveit/share/yara_moveit/.setup_assistant
[0.734s] Invoked command in '/home/srki/yara_ws/build/yara_moveit' returned '0': AMENT_PREFIX_PATH=/home/srki/yara_ws/install/yara_description:/home/srki/yara_ws/install/yara_moveit:/home/srki/yara_ws/install/yara_driver:/opt/ros/jazzy CMAKE_PREFIX_PATH=${CMAKE_PREFIX_PATH}:/home/srki/yara_ws/install/yara_driver:/home/srki/yara_ws/install/yara_description:/opt/ros/jazzy DEBUGINFOD_URLS=https://debuginfod.ubuntu.com PYTHONPATH=/home/srki/yara_ws/install/yara_description/lib/python3.12/site-packages:/home/srki/yara_ws/install/yara_driver/lib/python3.12/site-packages:/opt/ros/jazzy/lib/python3.12/site-packages /usr/bin/cmake --install /home/srki/yara_ws/build/yara_moveit
