[0.092s] DEBUG:colcon:Command line arguments: ['/usr/bin/colcon', 'build']
[0.092s] DEBUG:colcon:Parsed command line arguments: Namespace(log_base=None, log_level=None, verb_name='build', build_base='build', install_base='install', merge_install=False, symlink_install=False, test_result_base=None, continue_on_error=False, executor='parallel', parallel_workers=16, event_handlers=None, ignore_user_meta=False, metas=['./colcon.meta'], base_paths=['.'], packages_ignore=None, packages_ignore_regex=None, paths=None, packages_up_to=None, packages_up_to_regex=None, packages_above=None, packages_above_and_dependencies=None, packages_above_depth=None, packages_select_by_dep=None, packages_skip_by_dep=None, packages_skip_up_to=None, packages_select_build_failed=False, packages_skip_build_finished=False, packages_select_test_failures=False, packages_skip_test_passed=False, packages_select=None, packages_skip=None, packages_select_regex=None, packages_skip_regex=None, packages_start=None, packages_end=None, allow_overriding=[], cmake_args=None, cmake_target=None, cmake_target_skip_unavailable=False, cmake_clean_cache=False, cmake_clean_first=False, cmake_force_configure=False, ament_cmake_args=None, catkin_cmake_args=None, catkin_skip_building_tests=False, mixin_files=None, mixin=None, verb_parser=<colcon_mixin.mixin.mixin_argument.MixinArgumentDecorator object at 0x7b0d106c5b20>, verb_extension=<colcon_core.verb.build.BuildVerb object at 0x7b0d106c5700>, main=<bound method BuildVerb.main of <colcon_core.verb.build.BuildVerb object at 0x7b0d106c5700>>, mixin_verb=('build',))
[0.121s] Level 1:colcon.colcon_core.package_discovery:discover_packages(colcon_meta) check parameters
[0.121s] Level 1:colcon.colcon_core.package_discovery:discover_packages(recursive) check parameters
[0.121s] Level 1:colcon.colcon_core.package_discovery:discover_packages(ignore) check parameters
[0.121s] Level 1:colcon.colcon_core.package_discovery:discover_packages(path) check parameters
[0.121s] Level 1:colcon.colcon_core.package_discovery:discover_packages(colcon_meta) discover
[0.121s] Level 1:colcon.colcon_core.package_discovery:discover_packages(recursive) discover
[0.121s] INFO:colcon.colcon_core.package_discovery:Crawling recursively for packages in '/home/srki/yara_ws'
[0.121s] Level 1:colcon.colcon_core.package_identification:_identify(.) by extensions ['ignore', 'ignore_ament_install']
[0.121s] Level 1:colcon.colcon_core.package_identification:_identify(.) by extension 'ignore'
[0.122s] Level 1:colcon.colcon_core.package_identification:_identify(.) by extension 'ignore_ament_install'
[0.122s] Level 1:colcon.colcon_core.package_identification:_identify(.) by extensions ['colcon_pkg']
[0.122s] Level 1:colcon.colcon_core.package_identification:_identify(.) by extension 'colcon_pkg'
[0.122s] Level 1:colcon.colcon_core.package_identification:_identify(.) by extensions ['colcon_meta']
[0.122s] Level 1:colcon.colcon_core.package_identification:_identify(.) by extension 'colcon_meta'
[0.122s] Level 1:colcon.colcon_core.package_identification:_identify(.) by extensions ['ros']
[0.122s] Level 1:colcon.colcon_core.package_identification:_identify(.) by extension 'ros'
[0.139s] Level 1:colcon.colcon_core.package_identification:_identify(.) by extensions ['cmake', 'python']
[0.139s] Level 1:colcon.colcon_core.package_identification:_identify(.) by extension 'cmake'
[0.140s] Level 1:colcon.colcon_core.package_identification:_identify(.) by extension 'python'
[0.140s] Level 1:colcon.colcon_core.package_identification:_identify(.) by extensions ['python_setup_py']
[0.140s] Level 1:colcon.colcon_core.package_identification:_identify(.) by extension 'python_setup_py'
[0.140s] Level 1:colcon.colcon_core.package_identification:_identify(build) by extensions ['ignore', 'ignore_ament_install']
[0.140s] Level 1:colcon.colcon_core.package_identification:_identify(build) by extension 'ignore'
[0.140s] Level 1:colcon.colcon_core.package_identification:_identify(build) ignored
[0.140s] Level 1:colcon.colcon_core.package_identification:_identify(install) by extensions ['ignore', 'ignore_ament_install']
[0.140s] Level 1:colcon.colcon_core.package_identification:_identify(install) by extension 'ignore'
[0.140s] Level 1:colcon.colcon_core.package_identification:_identify(install) ignored
[0.140s] Level 1:colcon.colcon_core.package_identification:_identify(log) by extensions ['ignore', 'ignore_ament_install']
[0.140s] Level 1:colcon.colcon_core.package_identification:_identify(log) by extension 'ignore'
[0.140s] Level 1:colcon.colcon_core.package_identification:_identify(log) ignored
[0.140s] Level 1:colcon.colcon_core.package_identification:_identify(src) by extensions ['ignore', 'ignore_ament_install']
[0.140s] Level 1:colcon.colcon_core.package_identification:_identify(src) by extension 'ignore'
[0.140s] Level 1:colcon.colcon_core.package_identification:_identify(src) by extension 'ignore_ament_install'
[0.140s] Level 1:colcon.colcon_core.package_identification:_identify(src) by extensions ['colcon_pkg']
[0.140s] Level 1:colcon.colcon_core.package_identification:_identify(src) by extension 'colcon_pkg'
[0.140s] Level 1:colcon.colcon_core.package_identification:_identify(src) by extensions ['colcon_meta']
[0.140s] Level 1:colcon.colcon_core.package_identification:_identify(src) by extension 'colcon_meta'
[0.140s] Level 1:colcon.colcon_core.package_identification:_identify(src) by extensions ['ros']
[0.140s] Level 1:colcon.colcon_core.package_identification:_identify(src) by extension 'ros'
[0.140s] Level 1:colcon.colcon_core.package_identification:_identify(src) by extensions ['cmake', 'python']
[0.140s] Level 1:colcon.colcon_core.package_identification:_identify(src) by extension 'cmake'
[0.140s] Level 1:colcon.colcon_core.package_identification:_identify(src) by extension 'python'
[0.141s] Level 1:colcon.colcon_core.package_identification:_identify(src) by extensions ['python_setup_py']
[0.141s] Level 1:colcon.colcon_core.package_identification:_identify(src) by extension 'python_setup_py'
[0.141s] Level 1:colcon.colcon_core.package_identification:_identify(src/yara_description) by extensions ['ignore', 'ignore_ament_install']
[0.141s] Level 1:colcon.colcon_core.package_identification:_identify(src/yara_description) by extension 'ignore'
[0.141s] Level 1:colcon.colcon_core.package_identification:_identify(src/yara_description) by extension 'ignore_ament_install'
[0.141s] Level 1:colcon.colcon_core.package_identification:_identify(src/yara_description) by extensions ['colcon_pkg']
[0.141s] Level 1:colcon.colcon_core.package_identification:_identify(src/yara_description) by extension 'colcon_pkg'
[0.141s] Level 1:colcon.colcon_core.package_identification:_identify(src/yara_description) by extensions ['colcon_meta']
[0.141s] Level 1:colcon.colcon_core.package_identification:_identify(src/yara_description) by extension 'colcon_meta'
[0.141s] Level 1:colcon.colcon_core.package_identification:_identify(src/yara_description) by extensions ['ros']
[0.141s] Level 1:colcon.colcon_core.package_identification:_identify(src/yara_description) by extension 'ros'
[0.142s] DEBUG:colcon.colcon_core.package_identification:Package 'src/yara_description' with type 'ros.ament_python' and name 'yara_description'
[0.142s] Level 1:colcon.colcon_core.package_identification:_identify(src/yara_driver) by extensions ['ignore', 'ignore_ament_install']
[0.142s] Level 1:colcon.colcon_core.package_identification:_identify(src/yara_driver) by extension 'ignore'
[0.143s] Level 1:colcon.colcon_core.package_identification:_identify(src/yara_driver) by extension 'ignore_ament_install'
[0.143s] Level 1:colcon.colcon_core.package_identification:_identify(src/yara_driver) by extensions ['colcon_pkg']
[0.143s] Level 1:colcon.colcon_core.package_identification:_identify(src/yara_driver) by extension 'colcon_pkg'
[0.143s] Level 1:colcon.colcon_core.package_identification:_identify(src/yara_driver) by extensions ['colcon_meta']
[0.143s] Level 1:colcon.colcon_core.package_identification:_identify(src/yara_driver) by extension 'colcon_meta'
[0.143s] Level 1:colcon.colcon_core.package_identification:_identify(src/yara_driver) by extensions ['ros']
[0.143s] Level 1:colcon.colcon_core.package_identification:_identify(src/yara_driver) by extension 'ros'
[0.143s] DEBUG:colcon.colcon_core.package_identification:Package 'src/yara_driver' with type 'ros.ament_python' and name 'yara_driver'
[0.143s] Level 1:colcon.colcon_core.package_identification:_identify(src/yara_moveit) by extensions ['ignore', 'ignore_ament_install']
[0.143s] Level 1:colcon.colcon_core.package_identification:_identify(src/yara_moveit) by extension 'ignore'
[0.143s] Level 1:colcon.colcon_core.package_identification:_identify(src/yara_moveit) by extension 'ignore_ament_install'
[0.143s] Level 1:colcon.colcon_core.package_identification:_identify(src/yara_moveit) by extensions ['colcon_pkg']
[0.143s] Level 1:colcon.colcon_core.package_identification:_identify(src/yara_moveit) by extension 'colcon_pkg'
[0.143s] Level 1:colcon.colcon_core.package_identification:_identify(src/yara_moveit) by extensions ['colcon_meta']
[0.143s] Level 1:colcon.colcon_core.package_identification:_identify(src/yara_moveit) by extension 'colcon_meta'
[0.143s] Level 1:colcon.colcon_core.package_identification:_identify(src/yara_moveit) by extensions ['ros']
[0.143s] Level 1:colcon.colcon_core.package_identification:_identify(src/yara_moveit) by extension 'ros'
[0.144s] DEBUG:colcon.colcon_core.package_identification:Package 'src/yara_moveit' with type 'ros.ament_cmake' and name 'yara_moveit'
[0.144s] Level 1:colcon.colcon_core.package_discovery:discover_packages(recursive) using defaults
[0.144s] Level 1:colcon.colcon_core.package_discovery:discover_packages(ignore) discover
[0.144s] Level 1:colcon.colcon_core.package_discovery:discover_packages(ignore) using defaults
[0.144s] Level 1:colcon.colcon_core.package_discovery:discover_packages(path) discover
[0.144s] Level 1:colcon.colcon_core.package_discovery:discover_packages(path) using defaults
[0.156s] Level 1:colcon.colcon_core.package_discovery:discover_packages(prefix_path) check parameters
[0.157s] Level 1:colcon.colcon_core.package_discovery:discover_packages(prefix_path) discover
[0.158s] DEBUG:colcon.colcon_installed_package_information.package_discovery:Found 3 installed packages in /home/srki/yara_ws/install
[0.159s] DEBUG:colcon.colcon_installed_package_information.package_discovery:Found 409 installed packages in /opt/ros/jazzy
[0.160s] Level 1:colcon.colcon_core.package_discovery:discover_packages(prefix_path) using defaults
[0.200s] Level 5:colcon.colcon_core.verb:set package 'yara_description' build argument 'cmake_args' from command line to 'None'
[0.200s] Level 5:colcon.colcon_core.verb:set package 'yara_description' build argument 'cmake_target' from command line to 'None'
[0.200s] Level 5:colcon.colcon_core.verb:set package 'yara_description' build argument 'cmake_target_skip_unavailable' from command line to 'False'
[0.200s] Level 5:colcon.colcon_core.verb:set package 'yara_description' build argument 'cmake_clean_cache' from command line to 'False'
[0.200s] Level 5:colcon.colcon_core.verb:set package 'yara_description' build argument 'cmake_clean_first' from command line to 'False'
[0.200s] Level 5:colcon.colcon_core.verb:set package 'yara_description' build argument 'cmake_force_configure' from command line to 'False'
[0.200s] Level 5:colcon.colcon_core.verb:set package 'yara_description' build argument 'ament_cmake_args' from command line to 'None'
[0.200s] Level 5:colcon.colcon_core.verb:set package 'yara_description' build argument 'catkin_cmake_args' from command line to 'None'
[0.200s] Level 5:colcon.colcon_core.verb:set package 'yara_description' build argument 'catkin_skip_building_tests' from command line to 'False'
[0.200s] DEBUG:colcon.colcon_core.verb:Building package 'yara_description' with the following arguments: {'ament_cmake_args': None, 'build_base': '/home/srki/yara_ws/build/yara_description', 'catkin_cmake_args': None, 'catkin_skip_building_tests': False, 'cmake_args': None, 'cmake_clean_cache': False, 'cmake_clean_first': False, 'cmake_force_configure': False, 'cmake_target': None, 'cmake_target_skip_unavailable': False, 'install_base': '/home/srki/yara_ws/install/yara_description', 'merge_install': False, 'path': '/home/srki/yara_ws/src/yara_description', 'symlink_install': False, 'test_result_base': None}
[0.200s] Level 5:colcon.colcon_core.verb:set package 'yara_driver' build argument 'cmake_args' from command line to 'None'
[0.200s] Level 5:colcon.colcon_core.verb:set package 'yara_driver' build argument 'cmake_target' from command line to 'None'
[0.200s] Level 5:colcon.colcon_core.verb:set package 'yara_driver' build argument 'cmake_target_skip_unavailable' from command line to 'False'
[0.200s] Level 5:colcon.colcon_core.verb:set package 'yara_driver' build argument 'cmake_clean_cache' from command line to 'False'
[0.200s] Level 5:colcon.colcon_core.verb:set package 'yara_driver' build argument 'cmake_clean_first' from command line to 'False'
[0.200s] Level 5:colcon.colcon_core.verb:set package 'yara_driver' build argument 'cmake_force_configure' from command line to 'False'
[0.200s] Level 5:colcon.colcon_core.verb:set package 'yara_driver' build argument 'ament_cmake_args' from command line to 'None'
[0.201s] Level 5:colcon.colcon_core.verb:set package 'yara_driver' build argument 'catkin_cmake_args' from command line to 'None'
[0.201s] Level 5:colcon.colcon_core.verb:set package 'yara_driver' build argument 'catkin_skip_building_tests' from command line to 'False'
[0.201s] DEBUG:colcon.colcon_core.verb:Building package 'yara_driver' with the following arguments: {'ament_cmake_args': None, 'build_base': '/home/srki/yara_ws/build/yara_driver', 'catkin_cmake_args': None, 'catkin_skip_building_tests': False, 'cmake_args': None, 'cmake_clean_cache': False, 'cmake_clean_first': False, 'cmake_force_configure': False, 'cmake_target': None, 'cmake_target_skip_unavailable': False, 'install_base': '/home/srki/yara_ws/install/yara_driver', 'merge_install': False, 'path': '/home/srki/yara_ws/src/yara_driver', 'symlink_install': False, 'test_result_base': None}
[0.201s] Level 5:colcon.colcon_core.verb:set package 'yara_moveit' build argument 'cmake_args' from command line to 'None'
[0.201s] Level 5:colcon.colcon_core.verb:set package 'yara_moveit' build argument 'cmake_target' from command line to 'None'
[0.201s] Level 5:colcon.colcon_core.verb:set package 'yara_moveit' build argument 'cmake_target_skip_unavailable' from command line to 'False'
[0.201s] Level 5:colcon.colcon_core.verb:set package 'yara_moveit' build argument 'cmake_clean_cache' from command line to 'False'
[0.201s] Level 5:colcon.colcon_core.verb:set package 'yara_moveit' build argument 'cmake_clean_first' from command line to 'False'
[0.201s] Level 5:colcon.colcon_core.verb:set package 'yara_moveit' build argument 'cmake_force_configure' from command line to 'False'
[0.201s] Level 5:colcon.colcon_core.verb:set package 'yara_moveit' build argument 'ament_cmake_args' from command line to 'None'
[0.201s] Level 5:colcon.colcon_core.verb:set package 'yara_moveit' build argument 'catkin_cmake_args' from command line to 'None'
[0.201s] Level 5:colcon.colcon_core.verb:set package 'yara_moveit' build argument 'catkin_skip_building_tests' from command line to 'False'
[0.201s] DEBUG:colcon.colcon_core.verb:Building package 'yara_moveit' with the following arguments: {'ament_cmake_args': None, 'build_base': '/home/srki/yara_ws/build/yara_moveit', 'catkin_cmake_args': None, 'catkin_skip_building_tests': False, 'cmake_args': None, 'cmake_clean_cache': False, 'cmake_clean_first': False, 'cmake_force_configure': False, 'cmake_target': None, 'cmake_target_skip_unavailable': False, 'install_base': '/home/srki/yara_ws/install/yara_moveit', 'merge_install': False, 'path': '/home/srki/yara_ws/src/yara_moveit', 'symlink_install': False, 'test_result_base': None}
[0.201s] INFO:colcon.colcon_core.executor:Executing jobs using 'parallel' executor
[0.202s] DEBUG:colcon.colcon_parallel_executor.executor.parallel:run_until_complete
[0.202s] INFO:colcon.colcon_ros.task.ament_python.build:Building ROS package in '/home/srki/yara_ws/src/yara_description' with build type 'ament_python'
[0.202s] Level 1:colcon.colcon_core.shell:create_environment_hook('yara_description', 'ament_prefix_path')
[0.204s] INFO:colcon.colcon_core.plugin_system:Skipping extension 'colcon_core.shell.bat': Not used on non-Windows systems
[0.204s] INFO:colcon.colcon_core.shell:Creating environment hook '/home/srki/yara_ws/install/yara_description/share/yara_description/hook/ament_prefix_path.ps1'
[0.205s] INFO:colcon.colcon_core.shell:Creating environment descriptor '/home/srki/yara_ws/install/yara_description/share/yara_description/hook/ament_prefix_path.dsv'
[0.205s] INFO:colcon.colcon_core.shell:Creating environment hook '/home/srki/yara_ws/install/yara_description/share/yara_description/hook/ament_prefix_path.sh'
[0.205s] INFO:colcon.colcon_core.shell:Skip shell extension 'powershell' for command environment: Not usable outside of PowerShell
[0.206s] DEBUG:colcon.colcon_core.shell:Skip shell extension 'dsv' for command environment
[0.209s] INFO:colcon.colcon_ros.task.ament_python.build:Building ROS package in '/home/srki/yara_ws/src/yara_driver' with build type 'ament_python'
[0.209s] Level 1:colcon.colcon_core.shell:create_environment_hook('yara_driver', 'ament_prefix_path')
[0.209s] INFO:colcon.colcon_core.shell:Creating environment hook '/home/srki/yara_ws/install/yara_driver/share/yara_driver/hook/ament_prefix_path.ps1'
[0.209s] INFO:colcon.colcon_core.shell:Creating environment descriptor '/home/srki/yara_ws/install/yara_driver/share/yara_driver/hook/ament_prefix_path.dsv'
[0.209s] INFO:colcon.colcon_core.shell:Creating environment hook '/home/srki/yara_ws/install/yara_driver/share/yara_driver/hook/ament_prefix_path.sh'
[0.210s] INFO:colcon.colcon_core.shell:Skip shell extension 'powershell' for command environment: Not usable outside of PowerShell
[0.210s] DEBUG:colcon.colcon_core.shell:Skip shell extension 'dsv' for command environment
[0.403s] INFO:colcon.colcon_core.task.python.build:Building Python package in '/home/srki/yara_ws/src/yara_description'
[0.403s] INFO:colcon.colcon_core.shell:Skip shell extension 'powershell' for command environment: Not usable outside of PowerShell
[0.403s] DEBUG:colcon.colcon_core.shell:Skip shell extension 'dsv' for command environment
[0.596s] INFO:colcon.colcon_core.task.python.build:Building Python package in '/home/srki/yara_ws/src/yara_driver'
[0.596s] INFO:colcon.colcon_core.shell:Skip shell extension 'powershell' for command environment: Not usable outside of PowerShell
[0.596s] DEBUG:colcon.colcon_core.shell:Skip shell extension 'dsv' for command environment
[1.198s] DEBUG:colcon.colcon_core.event_handler.log_command:Invoking command in '/home/srki/yara_ws/src/yara_driver': DEBUGINFOD_URLS=https://debuginfod.ubuntu.com PYTHONPATH=/home/srki/yara_ws/build/yara_driver/prefix_override:/usr/lib/python3/dist-packages/colcon_core/task/python/colcon_distutils_commands:/home/srki/yara_ws/install/yara_driver/lib/python3.12/site-packages:${PYTHONPATH} /usr/bin/python3 -W ignore:setup.py install is deprecated -W ignore:easy_install command is deprecated setup.py egg_info --egg-base ../../build/yara_driver build --build-base /home/srki/yara_ws/build/yara_driver/build install --record /home/srki/yara_ws/build/yara_driver/install.log --single-version-externally-managed install_data
[1.212s] DEBUG:colcon.colcon_core.event_handler.log_command:Invoking command in '/home/srki/yara_ws/src/yara_description': DEBUGINFOD_URLS=https://debuginfod.ubuntu.com PYTHONPATH=/home/srki/yara_ws/build/yara_description/prefix_override:/usr/lib/python3/dist-packages/colcon_core/task/python/colcon_distutils_commands:/home/srki/yara_ws/install/yara_description/lib/python3.12/site-packages:${PYTHONPATH} /usr/bin/python3 -W ignore:setup.py install is deprecated -W ignore:easy_install command is deprecated setup.py egg_info --egg-base ../../build/yara_description build --build-base /home/srki/yara_ws/build/yara_description/build install --record /home/srki/yara_ws/build/yara_description/install.log --single-version-externally-managed install_data
[1.781s] DEBUG:colcon.colcon_core.event_handler.log_command:Invoked command in '/home/srki/yara_ws/src/yara_driver' returned '0': DEBUGINFOD_URLS=https://debuginfod.ubuntu.com PYTHONPATH=/home/srki/yara_ws/build/yara_driver/prefix_override:/usr/lib/python3/dist-packages/colcon_core/task/python/colcon_distutils_commands:/home/srki/yara_ws/install/yara_driver/lib/python3.12/site-packages:${PYTHONPATH} /usr/bin/python3 -W ignore:setup.py install is deprecated -W ignore:easy_install command is deprecated setup.py egg_info --egg-base ../../build/yara_driver build --build-base /home/srki/yara_ws/build/yara_driver/build install --record /home/srki/yara_ws/build/yara_driver/install.log --single-version-externally-managed install_data
[1.783s] Level 1:colcon.colcon_core.environment:checking '/home/srki/yara_ws/install/yara_driver' for CMake module files
[1.783s] Level 1:colcon.colcon_core.environment:checking '/home/srki/yara_ws/install/yara_driver' for CMake config files
[1.784s] Level 1:colcon.colcon_core.environment:checking '/home/srki/yara_ws/install/yara_driver/lib'
[1.784s] Level 1:colcon.colcon_core.environment:checking '/home/srki/yara_ws/install/yara_driver/bin'
[1.784s] Level 1:colcon.colcon_core.environment:checking '/home/srki/yara_ws/install/yara_driver/lib/pkgconfig/yara_driver.pc'
[1.784s] Level 1:colcon.colcon_core.environment:checking '/home/srki/yara_ws/install/yara_driver/lib/python3.12/site-packages'
[1.784s] Level 1:colcon.colcon_core.shell:create_environment_hook('yara_driver', 'pythonpath')
[1.784s] INFO:colcon.colcon_core.shell:Creating environment hook '/home/srki/yara_ws/install/yara_driver/share/yara_driver/hook/pythonpath.ps1'
[1.784s] INFO:colcon.colcon_core.shell:Creating environment descriptor '/home/srki/yara_ws/install/yara_driver/share/yara_driver/hook/pythonpath.dsv'
[1.785s] INFO:colcon.colcon_core.shell:Creating environment hook '/home/srki/yara_ws/install/yara_driver/share/yara_driver/hook/pythonpath.sh'
[1.785s] Level 1:colcon.colcon_core.environment:checking '/home/srki/yara_ws/install/yara_driver/bin'
[1.785s] Level 1:colcon.colcon_core.environment:create_environment_scripts_only(yara_driver)
[1.785s] INFO:colcon.colcon_core.shell:Creating package script '/home/srki/yara_ws/install/yara_driver/share/yara_driver/package.ps1'
[1.786s] INFO:colcon.colcon_core.shell:Creating package descriptor '/home/srki/yara_ws/install/yara_driver/share/yara_driver/package.dsv'
[1.786s] INFO:colcon.colcon_core.shell:Creating package script '/home/srki/yara_ws/install/yara_driver/share/yara_driver/package.sh'
[1.787s] INFO:colcon.colcon_core.shell:Creating package script '/home/srki/yara_ws/install/yara_driver/share/yara_driver/package.bash'
[1.787s] INFO:colcon.colcon_core.shell:Creating package script '/home/srki/yara_ws/install/yara_driver/share/yara_driver/package.zsh'
[1.787s] Level 1:colcon.colcon_core.environment:create_file_with_runtime_dependencies(/home/srki/yara_ws/install/yara_driver/share/colcon-core/packages/yara_driver)
[1.800s] Level 1:colcon.colcon_core.environment:checking '/home/srki/yara_ws/install/yara_description' for CMake module files
[1.801s] DEBUG:colcon.colcon_core.event_handler.log_command:Invoked command in '/home/srki/yara_ws/src/yara_description' returned '0': DEBUGINFOD_URLS=https://debuginfod.ubuntu.com PYTHONPATH=/home/srki/yara_ws/build/yara_description/prefix_override:/usr/lib/python3/dist-packages/colcon_core/task/python/colcon_distutils_commands:/home/srki/yara_ws/install/yara_description/lib/python3.12/site-packages:${PYTHONPATH} /usr/bin/python3 -W ignore:setup.py install is deprecated -W ignore:easy_install command is deprecated setup.py egg_info --egg-base ../../build/yara_description build --build-base /home/srki/yara_ws/build/yara_description/build install --record /home/srki/yara_ws/build/yara_description/install.log --single-version-externally-managed install_data
[1.801s] Level 1:colcon.colcon_core.environment:checking '/home/srki/yara_ws/install/yara_description' for CMake config files
[1.801s] Level 1:colcon.colcon_core.environment:checking '/home/srki/yara_ws/install/yara_description/lib'
[1.801s] Level 1:colcon.colcon_core.environment:checking '/home/srki/yara_ws/install/yara_description/bin'
[1.801s] Level 1:colcon.colcon_core.environment:checking '/home/srki/yara_ws/install/yara_description/lib/pkgconfig/yara_description.pc'
[1.802s] Level 1:colcon.colcon_core.environment:checking '/home/srki/yara_ws/install/yara_description/lib/python3.12/site-packages'
[1.802s] Level 1:colcon.colcon_core.shell:create_environment_hook('yara_description', 'pythonpath')
[1.802s] INFO:colcon.colcon_core.shell:Creating environment hook '/home/srki/yara_ws/install/yara_description/share/yara_description/hook/pythonpath.ps1'
[1.802s] INFO:colcon.colcon_core.shell:Creating environment descriptor '/home/srki/yara_ws/install/yara_description/share/yara_description/hook/pythonpath.dsv'
[1.802s] INFO:colcon.colcon_core.shell:Creating environment hook '/home/srki/yara_ws/install/yara_description/share/yara_description/hook/pythonpath.sh'
[1.803s] Level 1:colcon.colcon_core.environment:checking '/home/srki/yara_ws/install/yara_description/bin'
[1.803s] Level 1:colcon.colcon_core.environment:create_environment_scripts_only(yara_description)
[1.803s] INFO:colcon.colcon_core.shell:Creating package script '/home/srki/yara_ws/install/yara_description/share/yara_description/package.ps1'
[1.803s] INFO:colcon.colcon_core.shell:Creating package descriptor '/home/srki/yara_ws/install/yara_description/share/yara_description/package.dsv'
[1.804s] INFO:colcon.colcon_core.shell:Creating package script '/home/srki/yara_ws/install/yara_description/share/yara_description/package.sh'
[1.804s] INFO:colcon.colcon_core.shell:Creating package script '/home/srki/yara_ws/install/yara_description/share/yara_description/package.bash'
[1.804s] INFO:colcon.colcon_core.shell:Creating package script '/home/srki/yara_ws/install/yara_description/share/yara_description/package.zsh'
[1.804s] Level 1:colcon.colcon_core.environment:create_file_with_runtime_dependencies(/home/srki/yara_ws/install/yara_description/share/colcon-core/packages/yara_description)
[1.805s] INFO:colcon.colcon_ros.task.ament_cmake.build:Building ROS package in '/home/srki/yara_ws/src/yara_moveit' with build type 'ament_cmake'
[1.805s] INFO:colcon.colcon_cmake.task.cmake.build:Building CMake package in '/home/srki/yara_ws/src/yara_moveit'
[1.805s] INFO:colcon.colcon_core.shell:Skip shell extension 'powershell' for command environment: Not usable outside of PowerShell
[1.805s] DEBUG:colcon.colcon_core.shell:Skip shell extension 'dsv' for command environment
[1.814s] DEBUG:colcon.colcon_core.event_handler.log_command:Invoking command in '/home/srki/yara_ws/build/yara_moveit': AMENT_PREFIX_PATH=/home/srki/yara_ws/install/yara_description:/home/srki/yara_ws/install/yara_moveit:/home/srki/yara_ws/install/yara_driver:/opt/ros/jazzy CMAKE_PREFIX_PATH=${CMAKE_PREFIX_PATH}:/home/srki/yara_ws/install/yara_driver:/home/srki/yara_ws/install/yara_description:/opt/ros/jazzy DEBUGINFOD_URLS=https://debuginfod.ubuntu.com PYTHONPATH=/home/srki/yara_ws/install/yara_description/lib/python3.12/site-packages:/home/srki/yara_ws/install/yara_driver/lib/python3.12/site-packages:/opt/ros/jazzy/lib/python3.12/site-packages /usr/bin/cmake --build /home/srki/yara_ws/build/yara_moveit -- -j16 -l16
[1.855s] DEBUG:colcon.colcon_core.event_handler.log_command:Invoked command in '/home/srki/yara_ws/build/yara_moveit' returned '0': AMENT_PREFIX_PATH=/home/srki/yara_ws/install/yara_description:/home/srki/yara_ws/install/yara_moveit:/home/srki/yara_ws/install/yara_driver:/opt/ros/jazzy CMAKE_PREFIX_PATH=${CMAKE_PREFIX_PATH}:/home/srki/yara_ws/install/yara_driver:/home/srki/yara_ws/install/yara_description:/opt/ros/jazzy DEBUGINFOD_URLS=https://debuginfod.ubuntu.com PYTHONPATH=/home/srki/yara_ws/install/yara_description/lib/python3.12/site-packages:/home/srki/yara_ws/install/yara_driver/lib/python3.12/site-packages:/opt/ros/jazzy/lib/python3.12/site-packages /usr/bin/cmake --build /home/srki/yara_ws/build/yara_moveit -- -j16 -l16
[1.865s] DEBUG:colcon.colcon_core.event_handler.log_command:Invoking command in '/home/srki/yara_ws/build/yara_moveit': AMENT_PREFIX_PATH=/home/srki/yara_ws/install/yara_description:/home/srki/yara_ws/install/yara_moveit:/home/srki/yara_ws/install/yara_driver:/opt/ros/jazzy CMAKE_PREFIX_PATH=${CMAKE_PREFIX_PATH}:/home/srki/yara_ws/install/yara_driver:/home/srki/yara_ws/install/yara_description:/opt/ros/jazzy DEBUGINFOD_URLS=https://debuginfod.ubuntu.com PYTHONPATH=/home/srki/yara_ws/install/yara_description/lib/python3.12/site-packages:/home/srki/yara_ws/install/yara_driver/lib/python3.12/site-packages:/opt/ros/jazzy/lib/python3.12/site-packages /usr/bin/cmake --install /home/srki/yara_ws/build/yara_moveit
[1.875s] Level 1:colcon.colcon_core.environment:create_environment_scripts_only(yara_moveit)
[1.876s] DEBUG:colcon.colcon_core.event_handler.log_command:Invoked command in '/home/srki/yara_ws/build/yara_moveit' returned '0': AMENT_PREFIX_PATH=/home/srki/yara_ws/install/yara_description:/home/srki/yara_ws/install/yara_moveit:/home/srki/yara_ws/install/yara_driver:/opt/ros/jazzy CMAKE_PREFIX_PATH=${CMAKE_PREFIX_PATH}:/home/srki/yara_ws/install/yara_driver:/home/srki/yara_ws/install/yara_description:/opt/ros/jazzy DEBUGINFOD_URLS=https://debuginfod.ubuntu.com PYTHONPATH=/home/srki/yara_ws/install/yara_description/lib/python3.12/site-packages:/home/srki/yara_ws/install/yara_driver/lib/python3.12/site-packages:/opt/ros/jazzy/lib/python3.12/site-packages /usr/bin/cmake --install /home/srki/yara_ws/build/yara_moveit
[1.876s] Level 1:colcon.colcon_core.environment:checking '/home/srki/yara_ws/install/yara_moveit' for CMake module files
[1.876s] Level 1:colcon.colcon_core.environment:checking '/home/srki/yara_ws/install/yara_moveit' for CMake config files
[1.876s] Level 1:colcon.colcon_core.shell:create_environment_hook('yara_moveit', 'cmake_prefix_path')
[1.877s] INFO:colcon.colcon_core.shell:Creating environment hook '/home/srki/yara_ws/install/yara_moveit/share/yara_moveit/hook/cmake_prefix_path.ps1'
[1.877s] INFO:colcon.colcon_core.shell:Creating environment descriptor '/home/srki/yara_ws/install/yara_moveit/share/yara_moveit/hook/cmake_prefix_path.dsv'
[1.877s] INFO:colcon.colcon_core.shell:Creating environment hook '/home/srki/yara_ws/install/yara_moveit/share/yara_moveit/hook/cmake_prefix_path.sh'
[1.878s] Level 1:colcon.colcon_core.environment:checking '/home/srki/yara_ws/install/yara_moveit/bin'
[1.878s] Level 1:colcon.colcon_core.environment:checking '/home/srki/yara_ws/install/yara_moveit/lib/pkgconfig/yara_moveit.pc'
[1.878s] Level 1:colcon.colcon_core.environment:checking '/home/srki/yara_ws/install/yara_moveit/lib/python3.12/site-packages'
[1.878s] Level 1:colcon.colcon_core.environment:checking '/home/srki/yara_ws/install/yara_moveit/bin'
[1.878s] INFO:colcon.colcon_core.shell:Creating package script '/home/srki/yara_ws/install/yara_moveit/share/yara_moveit/package.ps1'
[1.878s] INFO:colcon.colcon_core.shell:Creating package descriptor '/home/srki/yara_ws/install/yara_moveit/share/yara_moveit/package.dsv'
[1.879s] INFO:colcon.colcon_core.shell:Creating package script '/home/srki/yara_ws/install/yara_moveit/share/yara_moveit/package.sh'
[1.879s] INFO:colcon.colcon_core.shell:Creating package script '/home/srki/yara_ws/install/yara_moveit/share/yara_moveit/package.bash'
[1.879s] INFO:colcon.colcon_core.shell:Creating package script '/home/srki/yara_ws/install/yara_moveit/share/yara_moveit/package.zsh'
[1.880s] Level 1:colcon.colcon_core.environment:create_file_with_runtime_dependencies(/home/srki/yara_ws/install/yara_moveit/share/colcon-core/packages/yara_moveit)
[1.880s] Level 1:colcon.colcon_core.environment:create_environment_scripts_only(yara_moveit)
[1.880s] Level 1:colcon.colcon_core.environment:checking '/home/srki/yara_ws/install/yara_moveit' for CMake module files
[1.881s] Level 1:colcon.colcon_core.environment:checking '/home/srki/yara_ws/install/yara_moveit' for CMake config files
[1.881s] Level 1:colcon.colcon_core.shell:create_environment_hook('yara_moveit', 'cmake_prefix_path')
[1.881s] INFO:colcon.colcon_core.shell:Creating environment hook '/home/srki/yara_ws/install/yara_moveit/share/yara_moveit/hook/cmake_prefix_path.ps1'
[1.882s] INFO:colcon.colcon_core.shell:Creating environment descriptor '/home/srki/yara_ws/install/yara_moveit/share/yara_moveit/hook/cmake_prefix_path.dsv'
[1.882s] INFO:colcon.colcon_core.shell:Creating environment hook '/home/srki/yara_ws/install/yara_moveit/share/yara_moveit/hook/cmake_prefix_path.sh'
[1.882s] Level 1:colcon.colcon_core.environment:checking '/home/srki/yara_ws/install/yara_moveit/bin'
[1.882s] Level 1:colcon.colcon_core.environment:checking '/home/srki/yara_ws/install/yara_moveit/lib/pkgconfig/yara_moveit.pc'
[1.882s] Level 1:colcon.colcon_core.environment:checking '/home/srki/yara_ws/install/yara_moveit/lib/python3.12/site-packages'
[1.882s] Level 1:colcon.colcon_core.environment:checking '/home/srki/yara_ws/install/yara_moveit/bin'
[1.883s] INFO:colcon.colcon_core.shell:Creating package script '/home/srki/yara_ws/install/yara_moveit/share/yara_moveit/package.ps1'
[1.883s] INFO:colcon.colcon_core.shell:Creating package descriptor '/home/srki/yara_ws/install/yara_moveit/share/yara_moveit/package.dsv'
[1.883s] INFO:colcon.colcon_core.shell:Creating package script '/home/srki/yara_ws/install/yara_moveit/share/yara_moveit/package.sh'
[1.883s] INFO:colcon.colcon_core.shell:Creating package script '/home/srki/yara_ws/install/yara_moveit/share/yara_moveit/package.bash'
[1.884s] INFO:colcon.colcon_core.shell:Creating package script '/home/srki/yara_ws/install/yara_moveit/share/yara_moveit/package.zsh'
[1.884s] Level 1:colcon.colcon_core.environment:create_file_with_runtime_dependencies(/home/srki/yara_ws/install/yara_moveit/share/colcon-core/packages/yara_moveit)
[1.884s] DEBUG:colcon.colcon_parallel_executor.executor.parallel:closing loop
[1.884s] DEBUG:colcon.colcon_parallel_executor.executor.parallel:loop closed
[1.884s] DEBUG:colcon.colcon_parallel_executor.executor.parallel:run_until_complete finished with '0'
[1.884s] DEBUG:colcon.colcon_core.event_reactor:joining thread
[1.890s] INFO:colcon.colcon_core.plugin_system:Skipping extension 'colcon_notification.desktop_notification.terminal_notifier': Not used on non-Darwin systems
[1.890s] INFO:colcon.colcon_core.plugin_system:Skipping extension 'colcon_notification.desktop_notification.win32': Not used on non-Windows systems
[1.890s] INFO:colcon.colcon_notification.desktop_notification:Sending desktop notification using 'notify2'
[1.902s] DEBUG:colcon.colcon_core.event_reactor:joined thread
[1.903s] INFO:colcon.colcon_core.shell:Creating prefix script '/home/srki/yara_ws/install/local_setup.ps1'
[1.904s] INFO:colcon.colcon_core.shell:Creating prefix util module '/home/srki/yara_ws/install/_local_setup_util_ps1.py'
[1.904s] INFO:colcon.colcon_core.shell:Creating prefix chain script '/home/srki/yara_ws/install/setup.ps1'
[1.905s] INFO:colcon.colcon_core.shell:Creating prefix script '/home/srki/yara_ws/install/local_setup.sh'
[1.906s] INFO:colcon.colcon_core.shell:Creating prefix util module '/home/srki/yara_ws/install/_local_setup_util_sh.py'
[1.906s] INFO:colcon.colcon_core.shell:Creating prefix chain script '/home/srki/yara_ws/install/setup.sh'
[1.907s] INFO:colcon.colcon_core.shell:Creating prefix script '/home/srki/yara_ws/install/local_setup.bash'
[1.907s] INFO:colcon.colcon_core.shell:Creating prefix chain script '/home/srki/yara_ws/install/setup.bash'
[1.908s] INFO:colcon.colcon_core.shell:Creating prefix script '/home/srki/yara_ws/install/local_setup.zsh'
[1.908s] INFO:colcon.colcon_core.shell:Creating prefix chain script '/home/srki/yara_ws/install/setup.zsh'
