[0.093s] DEBUG:colcon:Command line arguments: ['/usr/bin/colcon', 'build']
[0.093s] DEBUG:colcon:Parsed command line arguments: Namespace(log_base=None, log_level=None, verb_name='build', build_base='build', install_base='install', merge_install=False, symlink_install=False, test_result_base=None, continue_on_error=False, executor='parallel', parallel_workers=16, event_handlers=None, ignore_user_meta=False, metas=['./colcon.meta'], base_paths=['.'], packages_ignore=None, packages_ignore_regex=None, paths=None, packages_up_to=None, packages_up_to_regex=None, packages_above=None, packages_above_and_dependencies=None, packages_above_depth=None, packages_select_by_dep=None, packages_skip_by_dep=None, packages_skip_up_to=None, packages_select_build_failed=False, packages_skip_build_finished=False, packages_select_test_failures=False, packages_skip_test_passed=False, packages_select=None, packages_skip=None, packages_select_regex=None, packages_skip_regex=None, packages_start=None, packages_end=None, allow_overriding=[], cmake_args=None, cmake_target=None, cmake_target_skip_unavailable=False, cmake_clean_cache=False, cmake_clean_first=False, cmake_force_configure=False, ament_cmake_args=None, catkin_cmake_args=None, catkin_skip_building_tests=False, mixin_files=None, mixin=None, verb_parser=<colcon_mixin.mixin.mixin_argument.MixinArgumentDecorator object at 0x78238c9cdfa0>, verb_extension=<colcon_core.verb.build.BuildVerb object at 0x78238c9cdb80>, main=<bound method BuildVerb.main of <colcon_core.verb.build.BuildVerb object at 0x78238c9cdb80>>, mixin_verb=('build',))
[0.123s] Level 1:colcon.colcon_core.package_discovery:discover_packages(colcon_meta) check parameters
[0.123s] Level 1:colcon.colcon_core.package_discovery:discover_packages(recursive) check parameters
[0.123s] Level 1:colcon.colcon_core.package_discovery:discover_packages(ignore) check parameters
[0.123s] Level 1:colcon.colcon_core.package_discovery:discover_packages(path) check parameters
[0.123s] Level 1:colcon.colcon_core.package_discovery:discover_packages(colcon_meta) discover
[0.123s] Level 1:colcon.colcon_core.package_discovery:discover_packages(recursive) discover
[0.123s] INFO:colcon.colcon_core.package_discovery:Crawling recursively for packages in '/home/srki/yara_ws'
[0.123s] Level 1:colcon.colcon_core.package_identification:_identify(.) by extensions ['ignore', 'ignore_ament_install']
[0.123s] Level 1:colcon.colcon_core.package_identification:_identify(.) by extension 'ignore'
[0.123s] Level 1:colcon.colcon_core.package_identification:_identify(.) by extension 'ignore_ament_install'
[0.123s] Level 1:colcon.colcon_core.package_identification:_identify(.) by extensions ['colcon_pkg']
[0.123s] Level 1:colcon.colcon_core.package_identification:_identify(.) by extension 'colcon_pkg'
[0.123s] Level 1:colcon.colcon_core.package_identification:_identify(.) by extensions ['colcon_meta']
[0.123s] Level 1:colcon.colcon_core.package_identification:_identify(.) by extension 'colcon_meta'
[0.123s] Level 1:colcon.colcon_core.package_identification:_identify(.) by extensions ['ros']
[0.123s] Level 1:colcon.colcon_core.package_identification:_identify(.) by extension 'ros'
[0.142s] Level 1:colcon.colcon_core.package_identification:_identify(.) by extensions ['cmake', 'python']
[0.142s] Level 1:colcon.colcon_core.package_identification:_identify(.) by extension 'cmake'
[0.142s] Level 1:colcon.colcon_core.package_identification:_identify(.) by extension 'python'
[0.142s] Level 1:colcon.colcon_core.package_identification:_identify(.) by extensions ['python_setup_py']
[0.142s] Level 1:colcon.colcon_core.package_identification:_identify(.) by extension 'python_setup_py'
[0.142s] Level 1:colcon.colcon_core.package_identification:_identify(build) by extensions ['ignore', 'ignore_ament_install']
[0.142s] Level 1:colcon.colcon_core.package_identification:_identify(build) by extension 'ignore'
[0.142s] Level 1:colcon.colcon_core.package_identification:_identify(build) ignored
[0.142s] Level 1:colcon.colcon_core.package_identification:_identify(install) by extensions ['ignore', 'ignore_ament_install']
[0.142s] Level 1:colcon.colcon_core.package_identification:_identify(install) by extension 'ignore'
[0.142s] Level 1:colcon.colcon_core.package_identification:_identify(install) ignored
[0.142s] Level 1:colcon.colcon_core.package_identification:_identify(log) by extensions ['ignore', 'ignore_ament_install']
[0.142s] Level 1:colcon.colcon_core.package_identification:_identify(log) by extension 'ignore'
[0.142s] Level 1:colcon.colcon_core.package_identification:_identify(log) ignored
[0.142s] Level 1:colcon.colcon_core.package_identification:_identify(src) by extensions ['ignore', 'ignore_ament_install']
[0.142s] Level 1:colcon.colcon_core.package_identification:_identify(src) by extension 'ignore'
[0.142s] Level 1:colcon.colcon_core.package_identification:_identify(src) by extension 'ignore_ament_install'
[0.142s] Level 1:colcon.colcon_core.package_identification:_identify(src) by extensions ['colcon_pkg']
[0.142s] Level 1:colcon.colcon_core.package_identification:_identify(src) by extension 'colcon_pkg'
[0.142s] Level 1:colcon.colcon_core.package_identification:_identify(src) by extensions ['colcon_meta']
[0.143s] Level 1:colcon.colcon_core.package_identification:_identify(src) by extension 'colcon_meta'
[0.143s] Level 1:colcon.colcon_core.package_identification:_identify(src) by extensions ['ros']
[0.143s] Level 1:colcon.colcon_core.package_identification:_identify(src) by extension 'ros'
[0.143s] Level 1:colcon.colcon_core.package_identification:_identify(src) by extensions ['cmake', 'python']
[0.143s] Level 1:colcon.colcon_core.package_identification:_identify(src) by extension 'cmake'
[0.143s] Level 1:colcon.colcon_core.package_identification:_identify(src) by extension 'python'
[0.143s] Level 1:colcon.colcon_core.package_identification:_identify(src) by extensions ['python_setup_py']
[0.143s] Level 1:colcon.colcon_core.package_identification:_identify(src) by extension 'python_setup_py'
[0.143s] Level 1:colcon.colcon_core.package_identification:_identify(src/yara_description) by extensions ['ignore', 'ignore_ament_install']
[0.143s] Level 1:colcon.colcon_core.package_identification:_identify(src/yara_description) by extension 'ignore'
[0.143s] Level 1:colcon.colcon_core.package_identification:_identify(src/yara_description) by extension 'ignore_ament_install'
[0.143s] Level 1:colcon.colcon_core.package_identification:_identify(src/yara_description) by extensions ['colcon_pkg']
[0.143s] Level 1:colcon.colcon_core.package_identification:_identify(src/yara_description) by extension 'colcon_pkg'
[0.143s] Level 1:colcon.colcon_core.package_identification:_identify(src/yara_description) by extensions ['colcon_meta']
[0.143s] Level 1:colcon.colcon_core.package_identification:_identify(src/yara_description) by extension 'colcon_meta'
[0.143s] Level 1:colcon.colcon_core.package_identification:_identify(src/yara_description) by extensions ['ros']
[0.143s] Level 1:colcon.colcon_core.package_identification:_identify(src/yara_description) by extension 'ros'
[0.145s] DEBUG:colcon.colcon_core.package_identification:Package 'src/yara_description' with type 'ros.ament_python' and name 'yara_description'
[0.145s] Level 1:colcon.colcon_core.package_identification:_identify(src/yara_driver) by extensions ['ignore', 'ignore_ament_install']
[0.145s] Level 1:colcon.colcon_core.package_identification:_identify(src/yara_driver) by extension 'ignore'
[0.145s] Level 1:colcon.colcon_core.package_identification:_identify(src/yara_driver) by extension 'ignore_ament_install'
[0.145s] Level 1:colcon.colcon_core.package_identification:_identify(src/yara_driver) by extensions ['colcon_pkg']
[0.145s] Level 1:colcon.colcon_core.package_identification:_identify(src/yara_driver) by extension 'colcon_pkg'
[0.145s] Level 1:colcon.colcon_core.package_identification:_identify(src/yara_driver) by extensions ['colcon_meta']
[0.145s] Level 1:colcon.colcon_core.package_identification:_identify(src/yara_driver) by extension 'colcon_meta'
[0.145s] Level 1:colcon.colcon_core.package_identification:_identify(src/yara_driver) by extensions ['ros']
[0.145s] Level 1:colcon.colcon_core.package_identification:_identify(src/yara_driver) by extension 'ros'
[0.145s] DEBUG:colcon.colcon_core.package_identification:Package 'src/yara_driver' with type 'ros.ament_python' and name 'yara_driver'
[0.146s] Level 1:colcon.colcon_core.package_identification:_identify(src/yara_moveit) by extensions ['ignore', 'ignore_ament_install']
[0.146s] Level 1:colcon.colcon_core.package_identification:_identify(src/yara_moveit) by extension 'ignore'
[0.146s] Level 1:colcon.colcon_core.package_identification:_identify(src/yara_moveit) by extension 'ignore_ament_install'
[0.146s] Level 1:colcon.colcon_core.package_identification:_identify(src/yara_moveit) by extensions ['colcon_pkg']
[0.146s] Level 1:colcon.colcon_core.package_identification:_identify(src/yara_moveit) by extension 'colcon_pkg'
[0.146s] Level 1:colcon.colcon_core.package_identification:_identify(src/yara_moveit) by extensions ['colcon_meta']
[0.146s] Level 1:colcon.colcon_core.package_identification:_identify(src/yara_moveit) by extension 'colcon_meta'
[0.146s] Level 1:colcon.colcon_core.package_identification:_identify(src/yara_moveit) by extensions ['ros']
[0.146s] Level 1:colcon.colcon_core.package_identification:_identify(src/yara_moveit) by extension 'ros'
[0.146s] DEBUG:colcon.colcon_core.package_identification:Package 'src/yara_moveit' with type 'ros.ament_cmake' and name 'yara_moveit'
[0.146s] Level 1:colcon.colcon_core.package_discovery:discover_packages(recursive) using defaults
[0.146s] Level 1:colcon.colcon_core.package_discovery:discover_packages(ignore) discover
[0.146s] Level 1:colcon.colcon_core.package_discovery:discover_packages(ignore) using defaults
[0.146s] Level 1:colcon.colcon_core.package_discovery:discover_packages(path) discover
[0.146s] Level 1:colcon.colcon_core.package_discovery:discover_packages(path) using defaults
[0.160s] Level 1:colcon.colcon_core.package_discovery:discover_packages(prefix_path) check parameters
[0.160s] Level 1:colcon.colcon_core.package_discovery:discover_packages(prefix_path) discover
[0.161s] DEBUG:colcon.colcon_installed_package_information.package_discovery:Found 3 installed packages in /home/srki/yara_ws/install
[0.163s] DEBUG:colcon.colcon_installed_package_information.package_discovery:Found 409 installed packages in /opt/ros/jazzy
[0.164s] Level 1:colcon.colcon_core.package_discovery:discover_packages(prefix_path) using defaults
[0.204s] Level 5:colcon.colcon_core.verb:set package 'yara_description' build argument 'cmake_args' from command line to 'None'
[0.204s] Level 5:colcon.colcon_core.verb:set package 'yara_description' build argument 'cmake_target' from command line to 'None'
[0.204s] Level 5:colcon.colcon_core.verb:set package 'yara_description' build argument 'cmake_target_skip_unavailable' from command line to 'False'
[0.204s] Level 5:colcon.colcon_core.verb:set package 'yara_description' build argument 'cmake_clean_cache' from command line to 'False'
[0.204s] Level 5:colcon.colcon_core.verb:set package 'yara_description' build argument 'cmake_clean_first' from command line to 'False'
[0.204s] Level 5:colcon.colcon_core.verb:set package 'yara_description' build argument 'cmake_force_configure' from command line to 'False'
[0.204s] Level 5:colcon.colcon_core.verb:set package 'yara_description' build argument 'ament_cmake_args' from command line to 'None'
[0.204s] Level 5:colcon.colcon_core.verb:set package 'yara_description' build argument 'catkin_cmake_args' from command line to 'None'
[0.204s] Level 5:colcon.colcon_core.verb:set package 'yara_description' build argument 'catkin_skip_building_tests' from command line to 'False'
[0.204s] DEBUG:colcon.colcon_core.verb:Building package 'yara_description' with the following arguments: {'ament_cmake_args': None, 'build_base': '/home/srki/yara_ws/build/yara_description', 'catkin_cmake_args': None, 'catkin_skip_building_tests': False, 'cmake_args': None, 'cmake_clean_cache': False, 'cmake_clean_first': False, 'cmake_force_configure': False, 'cmake_target': None, 'cmake_target_skip_unavailable': False, 'install_base': '/home/srki/yara_ws/install/yara_description', 'merge_install': False, 'path': '/home/srki/yara_ws/src/yara_description', 'symlink_install': False, 'test_result_base': None}
[0.204s] Level 5:colcon.colcon_core.verb:set package 'yara_driver' build argument 'cmake_args' from command line to 'None'
[0.204s] Level 5:colcon.colcon_core.verb:set package 'yara_driver' build argument 'cmake_target' from command line to 'None'
[0.204s] Level 5:colcon.colcon_core.verb:set package 'yara_driver' build argument 'cmake_target_skip_unavailable' from command line to 'False'
[0.204s] Level 5:colcon.colcon_core.verb:set package 'yara_driver' build argument 'cmake_clean_cache' from command line to 'False'
[0.204s] Level 5:colcon.colcon_core.verb:set package 'yara_driver' build argument 'cmake_clean_first' from command line to 'False'
[0.204s] Level 5:colcon.colcon_core.verb:set package 'yara_driver' build argument 'cmake_force_configure' from command line to 'False'
[0.204s] Level 5:colcon.colcon_core.verb:set package 'yara_driver' build argument 'ament_cmake_args' from command line to 'None'
[0.204s] Level 5:colcon.colcon_core.verb:set package 'yara_driver' build argument 'catkin_cmake_args' from command line to 'None'
[0.204s] Level 5:colcon.colcon_core.verb:set package 'yara_driver' build argument 'catkin_skip_building_tests' from command line to 'False'
[0.204s] DEBUG:colcon.colcon_core.verb:Building package 'yara_driver' with the following arguments: {'ament_cmake_args': None, 'build_base': '/home/srki/yara_ws/build/yara_driver', 'catkin_cmake_args': None, 'catkin_skip_building_tests': False, 'cmake_args': None, 'cmake_clean_cache': False, 'cmake_clean_first': False, 'cmake_force_configure': False, 'cmake_target': None, 'cmake_target_skip_unavailable': False, 'install_base': '/home/srki/yara_ws/install/yara_driver', 'merge_install': False, 'path': '/home/srki/yara_ws/src/yara_driver', 'symlink_install': False, 'test_result_base': None}
[0.204s] Level 5:colcon.colcon_core.verb:set package 'yara_moveit' build argument 'cmake_args' from command line to 'None'
[0.204s] Level 5:colcon.colcon_core.verb:set package 'yara_moveit' build argument 'cmake_target' from command line to 'None'
[0.204s] Level 5:colcon.colcon_core.verb:set package 'yara_moveit' build argument 'cmake_target_skip_unavailable' from command line to 'False'
[0.204s] Level 5:colcon.colcon_core.verb:set package 'yara_moveit' build argument 'cmake_clean_cache' from command line to 'False'
[0.204s] Level 5:colcon.colcon_core.verb:set package 'yara_moveit' build argument 'cmake_clean_first' from command line to 'False'
[0.204s] Level 5:colcon.colcon_core.verb:set package 'yara_moveit' build argument 'cmake_force_configure' from command line to 'False'
[0.204s] Level 5:colcon.colcon_core.verb:set package 'yara_moveit' build argument 'ament_cmake_args' from command line to 'None'
[0.204s] Level 5:colcon.colcon_core.verb:set package 'yara_moveit' build argument 'catkin_cmake_args' from command line to 'None'
[0.204s] Level 5:colcon.colcon_core.verb:set package 'yara_moveit' build argument 'catkin_skip_building_tests' from command line to 'False'
[0.204s] DEBUG:colcon.colcon_core.verb:Building package 'yara_moveit' with the following arguments: {'ament_cmake_args': None, 'build_base': '/home/srki/yara_ws/build/yara_moveit', 'catkin_cmake_args': None, 'catkin_skip_building_tests': False, 'cmake_args': None, 'cmake_clean_cache': False, 'cmake_clean_first': False, 'cmake_force_configure': False, 'cmake_target': None, 'cmake_target_skip_unavailable': False, 'install_base': '/home/srki/yara_ws/install/yara_moveit', 'merge_install': False, 'path': '/home/srki/yara_ws/src/yara_moveit', 'symlink_install': False, 'test_result_base': None}
[0.205s] INFO:colcon.colcon_core.executor:Executing jobs using 'parallel' executor
[0.205s] DEBUG:colcon.colcon_parallel_executor.executor.parallel:run_until_complete
[0.205s] INFO:colcon.colcon_ros.task.ament_python.build:Building ROS package in '/home/srki/yara_ws/src/yara_description' with build type 'ament_python'
[0.205s] Level 1:colcon.colcon_core.shell:create_environment_hook('yara_description', 'ament_prefix_path')
[0.207s] INFO:colcon.colcon_core.plugin_system:Skipping extension 'colcon_core.shell.bat': Not used on non-Windows systems
[0.207s] INFO:colcon.colcon_core.shell:Creating environment hook '/home/srki/yara_ws/install/yara_description/share/yara_description/hook/ament_prefix_path.ps1'
[0.208s] INFO:colcon.colcon_core.shell:Creating environment descriptor '/home/srki/yara_ws/install/yara_description/share/yara_description/hook/ament_prefix_path.dsv'
[0.208s] INFO:colcon.colcon_core.shell:Creating environment hook '/home/srki/yara_ws/install/yara_description/share/yara_description/hook/ament_prefix_path.sh'
[0.209s] INFO:colcon.colcon_core.shell:Skip shell extension 'powershell' for command environment: Not usable outside of PowerShell
[0.209s] DEBUG:colcon.colcon_core.shell:Skip shell extension 'dsv' for command environment
[0.212s] INFO:colcon.colcon_ros.task.ament_python.build:Building ROS package in '/home/srki/yara_ws/src/yara_driver' with build type 'ament_python'
[0.212s] Level 1:colcon.colcon_core.shell:create_environment_hook('yara_driver', 'ament_prefix_path')
[0.212s] INFO:colcon.colcon_core.shell:Creating environment hook '/home/srki/yara_ws/install/yara_driver/share/yara_driver/hook/ament_prefix_path.ps1'
[0.213s] INFO:colcon.colcon_core.shell:Creating environment descriptor '/home/srki/yara_ws/install/yara_driver/share/yara_driver/hook/ament_prefix_path.dsv'
[0.213s] INFO:colcon.colcon_core.shell:Creating environment hook '/home/srki/yara_ws/install/yara_driver/share/yara_driver/hook/ament_prefix_path.sh'
[0.213s] INFO:colcon.colcon_core.shell:Skip shell extension 'powershell' for command environment: Not usable outside of PowerShell
[0.213s] DEBUG:colcon.colcon_core.shell:Skip shell extension 'dsv' for command environment
[0.412s] INFO:colcon.colcon_core.task.python.build:Building Python package in '/home/srki/yara_ws/src/yara_description'
[0.412s] INFO:colcon.colcon_core.shell:Skip shell extension 'powershell' for command environment: Not usable outside of PowerShell
[0.412s] DEBUG:colcon.colcon_core.shell:Skip shell extension 'dsv' for command environment
[0.605s] INFO:colcon.colcon_core.task.python.build:Building Python package in '/home/srki/yara_ws/src/yara_driver'
[0.605s] INFO:colcon.colcon_core.shell:Skip shell extension 'powershell' for command environment: Not usable outside of PowerShell
[0.605s] DEBUG:colcon.colcon_core.shell:Skip shell extension 'dsv' for command environment
[1.216s] DEBUG:colcon.colcon_core.event_handler.log_command:Invoking command in '/home/srki/yara_ws/src/yara_description': DEBUGINFOD_URLS=https://debuginfod.ubuntu.com PYTHONPATH=/home/srki/yara_ws/build/yara_description/prefix_override:/usr/lib/python3/dist-packages/colcon_core/task/python/colcon_distutils_commands:/home/srki/yara_ws/install/yara_description/lib/python3.12/site-packages:${PYTHONPATH} /usr/bin/python3 -W ignore:setup.py install is deprecated -W ignore:easy_install command is deprecated setup.py egg_info --egg-base ../../build/yara_description build --build-base /home/srki/yara_ws/build/yara_description/build install --record /home/srki/yara_ws/build/yara_description/install.log --single-version-externally-managed install_data
[1.229s] DEBUG:colcon.colcon_core.event_handler.log_command:Invoking command in '/home/srki/yara_ws/src/yara_driver': DEBUGINFOD_URLS=https://debuginfod.ubuntu.com PYTHONPATH=/home/srki/yara_ws/build/yara_driver/prefix_override:/usr/lib/python3/dist-packages/colcon_core/task/python/colcon_distutils_commands:/home/srki/yara_ws/install/yara_driver/lib/python3.12/site-packages:${PYTHONPATH} /usr/bin/python3 -W ignore:setup.py install is deprecated -W ignore:easy_install command is deprecated setup.py egg_info --egg-base ../../build/yara_driver build --build-base /home/srki/yara_ws/build/yara_driver/build install --record /home/srki/yara_ws/build/yara_driver/install.log --single-version-externally-managed install_data
[1.808s] DEBUG:colcon.colcon_core.event_handler.log_command:Invoked command in '/home/srki/yara_ws/src/yara_description' returned '0': DEBUGINFOD_URLS=https://debuginfod.ubuntu.com PYTHONPATH=/home/srki/yara_ws/build/yara_description/prefix_override:/usr/lib/python3/dist-packages/colcon_core/task/python/colcon_distutils_commands:/home/srki/yara_ws/install/yara_description/lib/python3.12/site-packages:${PYTHONPATH} /usr/bin/python3 -W ignore:setup.py install is deprecated -W ignore:easy_install command is deprecated setup.py egg_info --egg-base ../../build/yara_description build --build-base /home/srki/yara_ws/build/yara_description/build install --record /home/srki/yara_ws/build/yara_description/install.log --single-version-externally-managed install_data
[1.810s] Level 1:colcon.colcon_core.environment:checking '/home/srki/yara_ws/install/yara_description' for CMake module files
[1.810s] Level 1:colcon.colcon_core.environment:checking '/home/srki/yara_ws/install/yara_description' for CMake config files
[1.810s] Level 1:colcon.colcon_core.environment:checking '/home/srki/yara_ws/install/yara_description/lib'
[1.811s] Level 1:colcon.colcon_core.environment:checking '/home/srki/yara_ws/install/yara_description/bin'
[1.811s] Level 1:colcon.colcon_core.environment:checking '/home/srki/yara_ws/install/yara_description/lib/pkgconfig/yara_description.pc'
[1.811s] Level 1:colcon.colcon_core.environment:checking '/home/srki/yara_ws/install/yara_description/lib/python3.12/site-packages'
[1.811s] Level 1:colcon.colcon_core.shell:create_environment_hook('yara_description', 'pythonpath')
[1.811s] INFO:colcon.colcon_core.shell:Creating environment hook '/home/srki/yara_ws/install/yara_description/share/yara_description/hook/pythonpath.ps1'
[1.812s] INFO:colcon.colcon_core.shell:Creating environment descriptor '/home/srki/yara_ws/install/yara_description/share/yara_description/hook/pythonpath.dsv'
[1.812s] INFO:colcon.colcon_core.shell:Creating environment hook '/home/srki/yara_ws/install/yara_description/share/yara_description/hook/pythonpath.sh'
[1.812s] Level 1:colcon.colcon_core.environment:checking '/home/srki/yara_ws/install/yara_description/bin'
[1.812s] Level 1:colcon.colcon_core.environment:create_environment_scripts_only(yara_description)
[1.812s] INFO:colcon.colcon_core.shell:Creating package script '/home/srki/yara_ws/install/yara_description/share/yara_description/package.ps1'
[1.813s] INFO:colcon.colcon_core.shell:Creating package descriptor '/home/srki/yara_ws/install/yara_description/share/yara_description/package.dsv'
[1.813s] INFO:colcon.colcon_core.shell:Creating package script '/home/srki/yara_ws/install/yara_description/share/yara_description/package.sh'
[1.814s] INFO:colcon.colcon_core.shell:Creating package script '/home/srki/yara_ws/install/yara_description/share/yara_description/package.bash'
[1.815s] INFO:colcon.colcon_core.shell:Creating package script '/home/srki/yara_ws/install/yara_description/share/yara_description/package.zsh'
[1.815s] Level 1:colcon.colcon_core.environment:create_file_with_runtime_dependencies(/home/srki/yara_ws/install/yara_description/share/colcon-core/packages/yara_description)
[1.815s] INFO:colcon.colcon_ros.task.ament_cmake.build:Building ROS package in '/home/srki/yara_ws/src/yara_moveit' with build type 'ament_cmake'
[1.815s] INFO:colcon.colcon_cmake.task.cmake.build:Building CMake package in '/home/srki/yara_ws/src/yara_moveit'
[1.816s] INFO:colcon.colcon_core.shell:Skip shell extension 'powershell' for command environment: Not usable outside of PowerShell
[1.816s] DEBUG:colcon.colcon_core.shell:Skip shell extension 'dsv' for command environment
[1.825s] DEBUG:colcon.colcon_core.event_handler.log_command:Invoking command in '/home/srki/yara_ws/build/yara_moveit': AMENT_PREFIX_PATH=/home/srki/yara_ws/install/yara_description:/home/srki/yara_ws/install/yara_moveit:/home/srki/yara_ws/install/yara_driver:/opt/ros/jazzy CMAKE_PREFIX_PATH=${CMAKE_PREFIX_PATH}:/home/srki/yara_ws/install/yara_driver:/home/srki/yara_ws/install/yara_description:/opt/ros/jazzy DEBUGINFOD_URLS=https://debuginfod.ubuntu.com PYTHONPATH=/home/srki/yara_ws/install/yara_description/lib/python3.12/site-packages:/home/srki/yara_ws/install/yara_driver/lib/python3.12/site-packages:/opt/ros/jazzy/lib/python3.12/site-packages /usr/bin/cmake --build /home/srki/yara_ws/build/yara_moveit -- -j16 -l16
[1.826s] Level 1:colcon.colcon_core.environment:checking '/home/srki/yara_ws/install/yara_driver' for CMake module files
[1.826s] DEBUG:colcon.colcon_core.event_handler.log_command:Invoked command in '/home/srki/yara_ws/src/yara_driver' returned '0': DEBUGINFOD_URLS=https://debuginfod.ubuntu.com PYTHONPATH=/home/srki/yara_ws/build/yara_driver/prefix_override:/usr/lib/python3/dist-packages/colcon_core/task/python/colcon_distutils_commands:/home/srki/yara_ws/install/yara_driver/lib/python3.12/site-packages:${PYTHONPATH} /usr/bin/python3 -W ignore:setup.py install is deprecated -W ignore:easy_install command is deprecated setup.py egg_info --egg-base ../../build/yara_driver build --build-base /home/srki/yara_ws/build/yara_driver/build install --record /home/srki/yara_ws/build/yara_driver/install.log --single-version-externally-managed install_data
[1.827s] Level 1:colcon.colcon_core.environment:checking '/home/srki/yara_ws/install/yara_driver' for CMake config files
[1.827s] Level 1:colcon.colcon_core.environment:checking '/home/srki/yara_ws/install/yara_driver/lib'
[1.827s] Level 1:colcon.colcon_core.environment:checking '/home/srki/yara_ws/install/yara_driver/bin'
[1.827s] Level 1:colcon.colcon_core.environment:checking '/home/srki/yara_ws/install/yara_driver/lib/pkgconfig/yara_driver.pc'
[1.827s] Level 1:colcon.colcon_core.environment:checking '/home/srki/yara_ws/install/yara_driver/lib/python3.12/site-packages'
[1.828s] Level 1:colcon.colcon_core.shell:create_environment_hook('yara_driver', 'pythonpath')
[1.828s] INFO:colcon.colcon_core.shell:Creating environment hook '/home/srki/yara_ws/install/yara_driver/share/yara_driver/hook/pythonpath.ps1'
[1.828s] INFO:colcon.colcon_core.shell:Creating environment descriptor '/home/srki/yara_ws/install/yara_driver/share/yara_driver/hook/pythonpath.dsv'
[1.828s] INFO:colcon.colcon_core.shell:Creating environment hook '/home/srki/yara_ws/install/yara_driver/share/yara_driver/hook/pythonpath.sh'
[1.829s] Level 1:colcon.colcon_core.environment:checking '/home/srki/yara_ws/install/yara_driver/bin'
[1.829s] Level 1:colcon.colcon_core.environment:create_environment_scripts_only(yara_driver)
[1.829s] INFO:colcon.colcon_core.shell:Creating package script '/home/srki/yara_ws/install/yara_driver/share/yara_driver/package.ps1'
[1.829s] INFO:colcon.colcon_core.shell:Creating package descriptor '/home/srki/yara_ws/install/yara_driver/share/yara_driver/package.dsv'
[1.829s] INFO:colcon.colcon_core.shell:Creating package script '/home/srki/yara_ws/install/yara_driver/share/yara_driver/package.sh'
[1.830s] INFO:colcon.colcon_core.shell:Creating package script '/home/srki/yara_ws/install/yara_driver/share/yara_driver/package.bash'
[1.830s] INFO:colcon.colcon_core.shell:Creating package script '/home/srki/yara_ws/install/yara_driver/share/yara_driver/package.zsh'
[1.830s] Level 1:colcon.colcon_core.environment:create_file_with_runtime_dependencies(/home/srki/yara_ws/install/yara_driver/share/colcon-core/packages/yara_driver)
[1.869s] DEBUG:colcon.colcon_core.event_handler.log_command:Invoked command in '/home/srki/yara_ws/build/yara_moveit' returned '0': AMENT_PREFIX_PATH=/home/srki/yara_ws/install/yara_description:/home/srki/yara_ws/install/yara_moveit:/home/srki/yara_ws/install/yara_driver:/opt/ros/jazzy CMAKE_PREFIX_PATH=${CMAKE_PREFIX_PATH}:/home/srki/yara_ws/install/yara_driver:/home/srki/yara_ws/install/yara_description:/opt/ros/jazzy DEBUGINFOD_URLS=https://debuginfod.ubuntu.com PYTHONPATH=/home/srki/yara_ws/install/yara_description/lib/python3.12/site-packages:/home/srki/yara_ws/install/yara_driver/lib/python3.12/site-packages:/opt/ros/jazzy/lib/python3.12/site-packages /usr/bin/cmake --build /home/srki/yara_ws/build/yara_moveit -- -j16 -l16
[1.879s] DEBUG:colcon.colcon_core.event_handler.log_command:Invoking command in '/home/srki/yara_ws/build/yara_moveit': AMENT_PREFIX_PATH=/home/srki/yara_ws/install/yara_description:/home/srki/yara_ws/install/yara_moveit:/home/srki/yara_ws/install/yara_driver:/opt/ros/jazzy CMAKE_PREFIX_PATH=${CMAKE_PREFIX_PATH}:/home/srki/yara_ws/install/yara_driver:/home/srki/yara_ws/install/yara_description:/opt/ros/jazzy DEBUGINFOD_URLS=https://debuginfod.ubuntu.com PYTHONPATH=/home/srki/yara_ws/install/yara_description/lib/python3.12/site-packages:/home/srki/yara_ws/install/yara_driver/lib/python3.12/site-packages:/opt/ros/jazzy/lib/python3.12/site-packages /usr/bin/cmake --install /home/srki/yara_ws/build/yara_moveit
[1.889s] Level 1:colcon.colcon_core.environment:create_environment_scripts_only(yara_moveit)
[1.890s] Level 1:colcon.colcon_core.environment:checking '/home/srki/yara_ws/install/yara_moveit' for CMake module files
[1.890s] DEBUG:colcon.colcon_core.event_handler.log_command:Invoked command in '/home/srki/yara_ws/build/yara_moveit' returned '0': AMENT_PREFIX_PATH=/home/srki/yara_ws/install/yara_description:/home/srki/yara_ws/install/yara_moveit:/home/srki/yara_ws/install/yara_driver:/opt/ros/jazzy CMAKE_PREFIX_PATH=${CMAKE_PREFIX_PATH}:/home/srki/yara_ws/install/yara_driver:/home/srki/yara_ws/install/yara_description:/opt/ros/jazzy DEBUGINFOD_URLS=https://debuginfod.ubuntu.com PYTHONPATH=/home/srki/yara_ws/install/yara_description/lib/python3.12/site-packages:/home/srki/yara_ws/install/yara_driver/lib/python3.12/site-packages:/opt/ros/jazzy/lib/python3.12/site-packages /usr/bin/cmake --install /home/srki/yara_ws/build/yara_moveit
[1.890s] Level 1:colcon.colcon_core.environment:checking '/home/srki/yara_ws/install/yara_moveit' for CMake config files
[1.890s] Level 1:colcon.colcon_core.shell:create_environment_hook('yara_moveit', 'cmake_prefix_path')
[1.890s] INFO:colcon.colcon_core.shell:Creating environment hook '/home/srki/yara_ws/install/yara_moveit/share/yara_moveit/hook/cmake_prefix_path.ps1'
[1.891s] INFO:colcon.colcon_core.shell:Creating environment descriptor '/home/srki/yara_ws/install/yara_moveit/share/yara_moveit/hook/cmake_prefix_path.dsv'
[1.891s] INFO:colcon.colcon_core.shell:Creating environment hook '/home/srki/yara_ws/install/yara_moveit/share/yara_moveit/hook/cmake_prefix_path.sh'
[1.891s] Level 1:colcon.colcon_core.environment:checking '/home/srki/yara_ws/install/yara_moveit/bin'
[1.892s] Level 1:colcon.colcon_core.environment:checking '/home/srki/yara_ws/install/yara_moveit/lib/pkgconfig/yara_moveit.pc'
[1.892s] Level 1:colcon.colcon_core.environment:checking '/home/srki/yara_ws/install/yara_moveit/lib/python3.12/site-packages'
[1.892s] Level 1:colcon.colcon_core.environment:checking '/home/srki/yara_ws/install/yara_moveit/bin'
[1.892s] INFO:colcon.colcon_core.shell:Creating package script '/home/srki/yara_ws/install/yara_moveit/share/yara_moveit/package.ps1'
[1.892s] INFO:colcon.colcon_core.shell:Creating package descriptor '/home/srki/yara_ws/install/yara_moveit/share/yara_moveit/package.dsv'
[1.892s] INFO:colcon.colcon_core.shell:Creating package script '/home/srki/yara_ws/install/yara_moveit/share/yara_moveit/package.sh'
[1.893s] INFO:colcon.colcon_core.shell:Creating package script '/home/srki/yara_ws/install/yara_moveit/share/yara_moveit/package.bash'
[1.893s] INFO:colcon.colcon_core.shell:Creating package script '/home/srki/yara_ws/install/yara_moveit/share/yara_moveit/package.zsh'
[1.893s] Level 1:colcon.colcon_core.environment:create_file_with_runtime_dependencies(/home/srki/yara_ws/install/yara_moveit/share/colcon-core/packages/yara_moveit)
[1.894s] Level 1:colcon.colcon_core.environment:create_environment_scripts_only(yara_moveit)
[1.894s] Level 1:colcon.colcon_core.environment:checking '/home/srki/yara_ws/install/yara_moveit' for CMake module files
[1.894s] Level 1:colcon.colcon_core.environment:checking '/home/srki/yara_ws/install/yara_moveit' for CMake config files
[1.894s] Level 1:colcon.colcon_core.shell:create_environment_hook('yara_moveit', 'cmake_prefix_path')
[1.894s] INFO:colcon.colcon_core.shell:Creating environment hook '/home/srki/yara_ws/install/yara_moveit/share/yara_moveit/hook/cmake_prefix_path.ps1'
[1.895s] INFO:colcon.colcon_core.shell:Creating environment descriptor '/home/srki/yara_ws/install/yara_moveit/share/yara_moveit/hook/cmake_prefix_path.dsv'
[1.895s] INFO:colcon.colcon_core.shell:Creating environment hook '/home/srki/yara_ws/install/yara_moveit/share/yara_moveit/hook/cmake_prefix_path.sh'
[1.895s] Level 1:colcon.colcon_core.environment:checking '/home/srki/yara_ws/install/yara_moveit/bin'
[1.895s] Level 1:colcon.colcon_core.environment:checking '/home/srki/yara_ws/install/yara_moveit/lib/pkgconfig/yara_moveit.pc'
[1.895s] Level 1:colcon.colcon_core.environment:checking '/home/srki/yara_ws/install/yara_moveit/lib/python3.12/site-packages'
[1.895s] Level 1:colcon.colcon_core.environment:checking '/home/srki/yara_ws/install/yara_moveit/bin'
[1.896s] INFO:colcon.colcon_core.shell:Creating package script '/home/srki/yara_ws/install/yara_moveit/share/yara_moveit/package.ps1'
[1.896s] INFO:colcon.colcon_core.shell:Creating package descriptor '/home/srki/yara_ws/install/yara_moveit/share/yara_moveit/package.dsv'
[1.896s] INFO:colcon.colcon_core.shell:Creating package script '/home/srki/yara_ws/install/yara_moveit/share/yara_moveit/package.sh'
[1.896s] INFO:colcon.colcon_core.shell:Creating package script '/home/srki/yara_ws/install/yara_moveit/share/yara_moveit/package.bash'
[1.897s] INFO:colcon.colcon_core.shell:Creating package script '/home/srki/yara_ws/install/yara_moveit/share/yara_moveit/package.zsh'
[1.897s] Level 1:colcon.colcon_core.environment:create_file_with_runtime_dependencies(/home/srki/yara_ws/install/yara_moveit/share/colcon-core/packages/yara_moveit)
[1.897s] DEBUG:colcon.colcon_parallel_executor.executor.parallel:closing loop
[1.897s] DEBUG:colcon.colcon_parallel_executor.executor.parallel:loop closed
[1.898s] DEBUG:colcon.colcon_parallel_executor.executor.parallel:run_until_complete finished with '0'
[1.898s] DEBUG:colcon.colcon_core.event_reactor:joining thread
[1.903s] INFO:colcon.colcon_core.plugin_system:Skipping extension 'colcon_notification.desktop_notification.terminal_notifier': Not used on non-Darwin systems
[1.903s] INFO:colcon.colcon_core.plugin_system:Skipping extension 'colcon_notification.desktop_notification.win32': Not used on non-Windows systems
[1.903s] INFO:colcon.colcon_notification.desktop_notification:Sending desktop notification using 'notify2'
[1.913s] DEBUG:colcon.colcon_core.event_reactor:joined thread
[1.913s] INFO:colcon.colcon_core.shell:Creating prefix script '/home/srki/yara_ws/install/local_setup.ps1'
[1.914s] INFO:colcon.colcon_core.shell:Creating prefix util module '/home/srki/yara_ws/install/_local_setup_util_ps1.py'
[1.915s] INFO:colcon.colcon_core.shell:Creating prefix chain script '/home/srki/yara_ws/install/setup.ps1'
[1.916s] INFO:colcon.colcon_core.shell:Creating prefix script '/home/srki/yara_ws/install/local_setup.sh'
[1.916s] INFO:colcon.colcon_core.shell:Creating prefix util module '/home/srki/yara_ws/install/_local_setup_util_sh.py'
[1.916s] INFO:colcon.colcon_core.shell:Creating prefix chain script '/home/srki/yara_ws/install/setup.sh'
[1.917s] INFO:colcon.colcon_core.shell:Creating prefix script '/home/srki/yara_ws/install/local_setup.bash'
[1.917s] INFO:colcon.colcon_core.shell:Creating prefix chain script '/home/srki/yara_ws/install/setup.bash'
[1.918s] INFO:colcon.colcon_core.shell:Creating prefix script '/home/srki/yara_ws/install/local_setup.zsh'
[1.918s] INFO:colcon.colcon_core.shell:Creating prefix chain script '/home/srki/yara_ws/install/setup.zsh'
