running egg_info
writing ../../build/yara_driver/yara_driver.egg-info/PKG-INFO
writing dependency_links to ../../build/yara_driver/yara_driver.egg-info/dependency_links.txt
writing entry points to ../../build/yara_driver/yara_driver.egg-info/entry_points.txt
writing requirements to ../../build/yara_driver/yara_driver.egg-info/requires.txt
writing top-level names to ../../build/yara_driver/yara_driver.egg-info/top_level.txt
reading manifest file '../../build/yara_driver/yara_driver.egg-info/SOURCES.txt'
adding license file 'LICENSE'
writing manifest file '../../build/yara_driver/yara_driver.egg-info/SOURCES.txt'
running build
running build_py
running install
running install_lib
running install_data
running install_egg_info
removing '/home/srki/yara_ws/install/yara_driver/lib/python3.12/site-packages/yara_driver-0.0.0-py3.12.egg-info' (and everything under it)
Copying ../../build/yara_driver/yara_driver.egg-info to /home/srki/yara_ws/install/yara_driver/lib/python3.12/site-packages/yara_driver-0.0.0-py3.12.egg-info
running install_scripts
Installing state_publisher script to /home/srki/yara_ws/install/yara_driver/lib/yara_driver
Installing yara_driver script to /home/srki/yara_ws/install/yara_driver/lib/yara_driver
writing list of installed files to '/home/srki/yara_ws/build/yara_driver/install.log'
