[1.004s] Invoking command in '/home/srki/yara_ws/src/yara_driver': DEBUGINFOD_URLS=https://debuginfod.ubuntu.com PYTHONPATH=/home/srki/yara_ws/build/yara_driver/prefix_override:/usr/lib/python3/dist-packages/colcon_core/task/python/colcon_distutils_commands:/home/srki/yara_ws/install/yara_driver/lib/python3.12/site-packages:${PYTHONPATH} /usr/bin/python3 -W ignore:setup.py install is deprecated -W ignore:easy_install command is deprecated setup.py egg_info --egg-base ../../build/yara_driver build --build-base /home/srki/yara_ws/build/yara_driver/build install --record /home/srki/yara_ws/build/yara_driver/install.log --single-version-externally-managed install_data
[1.283s] running egg_info
[1.283s] creating ../../build/yara_driver/yara_driver.egg-info
[1.307s] writing ../../build/yara_driver/yara_driver.egg-info/PKG-INFO
[1.307s] writing dependency_links to ../../build/yara_driver/yara_driver.egg-info/dependency_links.txt
[1.307s] writing entry points to ../../build/yara_driver/yara_driver.egg-info/entry_points.txt
[1.307s] writing requirements to ../../build/yara_driver/yara_driver.egg-info/requires.txt
[1.308s] writing top-level names to ../../build/yara_driver/yara_driver.egg-info/top_level.txt
[1.308s] writing manifest file '../../build/yara_driver/yara_driver.egg-info/SOURCES.txt'
[1.356s] reading manifest file '../../build/yara_driver/yara_driver.egg-info/SOURCES.txt'
[1.356s] adding license file 'LICENSE'
[1.357s] writing manifest file '../../build/yara_driver/yara_driver.egg-info/SOURCES.txt'
[1.357s] running build
[1.357s] running build_py
[1.357s] creating /home/srki/yara_ws/build/yara_driver/build
[1.357s] creating /home/srki/yara_ws/build/yara_driver/build/lib
[1.357s] creating /home/srki/yara_ws/build/yara_driver/build/lib/yara_driver
[1.357s] copying yara_driver/driver.py -> /home/srki/yara_ws/build/yara_driver/build/lib/yara_driver
[1.357s] copying yara_driver/__init__.py -> /home/srki/yara_ws/build/yara_driver/build/lib/yara_driver
[1.357s] running install
[1.363s] running install_lib
[1.387s] creating /home/srki/yara_ws/install/yara_driver/lib/python3.12/site-packages/yara_driver
[1.388s] copying /home/srki/yara_ws/build/yara_driver/build/lib/yara_driver/driver.py -> /home/srki/yara_ws/install/yara_driver/lib/python3.12/site-packages/yara_driver
[1.388s] copying /home/srki/yara_ws/build/yara_driver/build/lib/yara_driver/__init__.py -> /home/srki/yara_ws/install/yara_driver/lib/python3.12/site-packages/yara_driver
[1.388s] byte-compiling /home/srki/yara_ws/install/yara_driver/lib/python3.12/site-packages/yara_driver/driver.py to driver.cpython-312.pyc
[1.390s] byte-compiling /home/srki/yara_ws/install/yara_driver/lib/python3.12/site-packages/yara_driver/__init__.py to __init__.cpython-312.pyc
[1.390s] running install_data
[1.390s] creating /home/srki/yara_ws/install/yara_driver/share/ament_index
[1.390s] creating /home/srki/yara_ws/install/yara_driver/share/ament_index/resource_index
[1.390s] creating /home/srki/yara_ws/install/yara_driver/share/ament_index/resource_index/packages
[1.391s] copying resource/yara_driver -> /home/srki/yara_ws/install/yara_driver/share/ament_index/resource_index/packages
[1.391s] copying package.xml -> /home/srki/yara_ws/install/yara_driver/share/yara_driver
[1.391s] copying launch/yara.launch.py -> /home/srki/yara_ws/install/yara_driver/share/yara_driver
[1.391s] copying launch/yara_no_rviz.launch.py -> /home/srki/yara_ws/install/yara_driver/share/yara_driver
[1.391s] running install_egg_info
[1.417s] Copying ../../build/yara_driver/yara_driver.egg-info to /home/srki/yara_ws/install/yara_driver/lib/python3.12/site-packages/yara_driver-0.0.0-py3.12.egg-info
[1.418s] running install_scripts
[1.576s] Installing state_publisher script to /home/srki/yara_ws/install/yara_driver/lib/yara_driver
[1.576s] Installing yara_driver script to /home/srki/yara_ws/install/yara_driver/lib/yara_driver
[1.576s] writing list of installed files to '/home/srki/yara_ws/build/yara_driver/install.log'
[1.613s] Invoked command in '/home/srki/yara_ws/src/yara_driver' returned '0': DEBUGINFOD_URLS=https://debuginfod.ubuntu.com PYTHONPATH=/home/srki/yara_ws/build/yara_driver/prefix_override:/usr/lib/python3/dist-packages/colcon_core/task/python/colcon_distutils_commands:/home/srki/yara_ws/install/yara_driver/lib/python3.12/site-packages:${PYTHONPATH} /usr/bin/python3 -W ignore:setup.py install is deprecated -W ignore:easy_install command is deprecated setup.py egg_info --egg-base ../../build/yara_driver build --build-base /home/srki/yara_ws/build/yara_driver/build install --record /home/srki/yara_ws/build/yara_driver/install.log --single-version-externally-managed install_data
