[1.031s] Invoking command in '/home/srki/yara_ws/src/yara_description': DEBUGINFOD_URLS=https://debuginfod.ubuntu.com PYTHONPATH=/home/srki/yara_ws/build/yara_description/prefix_override:/usr/lib/python3/dist-packages/colcon_core/task/python/colcon_distutils_commands:/home/srki/yara_ws/install/yara_description/lib/python3.12/site-packages:${PYTHONPATH} /usr/bin/python3 -W ignore:setup.py install is deprecated -W ignore:easy_install command is deprecated setup.py egg_info --egg-base ../../build/yara_description build --build-base /home/srki/yara_ws/build/yara_description/build install --record /home/srki/yara_ws/build/yara_description/install.log --single-version-externally-managed install_data
[1.322s] running egg_info
[1.347s] writing ../../build/yara_description/yara_description.egg-info/PKG-INFO
[1.347s] writing dependency_links to ../../build/yara_description/yara_description.egg-info/dependency_links.txt
[1.347s] writing requirements to ../../build/yara_description/yara_description.egg-info/requires.txt
[1.347s] writing top-level names to ../../build/yara_description/yara_description.egg-info/top_level.txt
[1.398s] reading manifest file '../../build/yara_description/yara_description.egg-info/SOURCES.txt'
[1.398s] adding license file 'LICENSE'
[1.399s] writing manifest file '../../build/yara_description/yara_description.egg-info/SOURCES.txt'
[1.399s] running build
[1.399s] running build_py
[1.399s] running install
[1.404s] running install_lib
[1.430s] running install_data
[1.430s] running install_egg_info
[1.456s] removing '/home/srki/yara_ws/install/yara_description/lib/python3.12/site-packages/yara_description-0.0.0-py3.12.egg-info' (and everything under it)
[1.456s] Copying ../../build/yara_description/yara_description.egg-info to /home/srki/yara_ws/install/yara_description/lib/python3.12/site-packages/yara_description-0.0.0-py3.12.egg-info
[1.457s] running install_scripts
[1.614s] writing list of installed files to '/home/srki/yara_ws/build/yara_description/install.log'
[1.642s] Invoked command in '/home/srki/yara_ws/src/yara_description' returned '0': DEBUGINFOD_URLS=https://debuginfod.ubuntu.com PYTHONPATH=/home/srki/yara_ws/build/yara_description/prefix_override:/usr/lib/python3/dist-packages/colcon_core/task/python/colcon_distutils_commands:/home/srki/yara_ws/install/yara_description/lib/python3.12/site-packages:${PYTHONPATH} /usr/bin/python3 -W ignore:setup.py install is deprecated -W ignore:easy_install command is deprecated setup.py egg_info --egg-base ../../build/yara_description build --build-base /home/srki/yara_ws/build/yara_description/build install --record /home/srki/yara_ws/build/yara_description/install.log --single-version-externally-managed install_data
