running egg_info
creating ../../build/yara_description/yara_description.egg-info
writing ../../build/yara_description/yara_description.egg-info/PKG-INFO
writing dependency_links to ../../build/yara_description/yara_description.egg-info/dependency_links.txt
writing requirements to ../../build/yara_description/yara_description.egg-info/requires.txt
writing top-level names to ../../build/yara_description/yara_description.egg-info/top_level.txt
writing manifest file '../../build/yara_description/yara_description.egg-info/SOURCES.txt'
reading manifest file '../../build/yara_description/yara_description.egg-info/SOURCES.txt'
adding license file 'LICENSE'
writing manifest file '../../build/yara_description/yara_description.egg-info/SOURCES.txt'
running build
running build_py
creating /home/srki/yara_ws/build/yara_description/build
creating /home/srki/yara_ws/build/yara_description/build/lib
creating /home/srki/yara_ws/build/yara_description/build/lib/yara_description
copying yara_description/__init__.py -> /home/srki/yara_ws/build/yara_description/build/lib/yara_description
running install
running install_lib
creating /home/srki/yara_ws/install/yara_description/lib/python3.12/site-packages/yara_description
copying /home/srki/yara_ws/build/yara_description/build/lib/yara_description/__init__.py -> /home/srki/yara_ws/install/yara_description/lib/python3.12/site-packages/yara_description
byte-compiling /home/srki/yara_ws/install/yara_description/lib/python3.12/site-packages/yara_description/__init__.py to __init__.cpython-312.pyc
running install_data
creating /home/srki/yara_ws/install/yara_description/share/ament_index
creating /home/srki/yara_ws/install/yara_description/share/ament_index/resource_index
creating /home/srki/yara_ws/install/yara_description/share/ament_index/resource_index/packages
copying resource/yara_description -> /home/srki/yara_ws/install/yara_description/share/ament_index/resource_index/packages
copying package.xml -> /home/srki/yara_ws/install/yara_description/share/yara_description
copying urdf/display.rviz -> /home/srki/yara_ws/install/yara_description/share/yara_description
copying urdf/yara.urdf -> /home/srki/yara_ws/install/yara_description/share/yara_description
running install_egg_info
Copying ../../build/yara_description/yara_description.egg-info to /home/srki/yara_ws/install/yara_description/lib/python3.12/site-packages/yara_description-0.0.0-py3.12.egg-info
running install_scripts
writing list of installed files to '/home/srki/yara_ws/build/yara_description/install.log'
