[0.008s] Invoking command in '/home/srki/yara_ws/build/yara_moveit': AMENT_PREFIX_PATH=/home/srki/yara_ws/install/yara_description:/home/srki/yara_ws/install/yara_moveit:/home/srki/yara_ws/install/yara_driver:/opt/ros/jazzy CMAKE_PREFIX_PATH=${CMAKE_PREFIX_PATH}:/home/srki/yara_ws/install/yara_driver:/home/srki/yara_ws/install/yara_description:/opt/ros/jazzy DEBUGINFOD_URLS=https://debuginfod.ubuntu.com PYTHONPATH=/home/srki/yara_ws/install/yara_description/lib/python3.12/site-packages:/home/srki/yara_ws/install/yara_driver/lib/python3.12/site-packages:/opt/ros/jazzy/lib/python3.12/site-packages /usr/bin/cmake /home/srki/yara_ws/src/yara_moveit -DCMAKE_INSTALL_PREFIX=/home/srki/yara_ws/install/yara_moveit
[0.131s] -- The C compiler identification is GNU 13.3.0
[0.234s] -- The CXX compiler identification is GNU 13.3.0
[0.252s] -- Detecting C compiler ABI info
[0.346s] -- Detecting C compiler ABI info - done
[0.353s] -- Check for working C compiler: /usr/bin/cc - skipped
[0.354s] -- Detecting C compile features
[0.354s] -- Detecting C compile features - done
[0.367s] -- Detecting CXX compiler ABI info
[0.475s] -- Detecting CXX compiler ABI info - done
[0.482s] -- Check for working CXX compiler: /usr/bin/c++ - skipped
[0.482s] -- Detecting CXX compile features
[0.483s] -- Detecting CXX compile features - done
[0.492s] -- Found ament_cmake: 2.5.3 (/opt/ros/jazzy/share/ament_cmake/cmake)
[0.641s] -- Found Python3: /usr/bin/python3 (found version "3.12.3") found components: Interpreter 
[0.835s] -- Configuring done (0.8s)
[0.838s] -- Generating done (0.0s)
[0.839s] -- Build files have been written to: /home/srki/yara_ws/build/yara_moveit
[0.845s] Invoked command in '/home/srki/yara_ws/build/yara_moveit' returned '0': AMENT_PREFIX_PATH=/home/srki/yara_ws/install/yara_description:/home/srki/yara_ws/install/yara_moveit:/home/srki/yara_ws/install/yara_driver:/opt/ros/jazzy CMAKE_PREFIX_PATH=${CMAKE_PREFIX_PATH}:/home/srki/yara_ws/install/yara_driver:/home/srki/yara_ws/install/yara_description:/opt/ros/jazzy DEBUGINFOD_URLS=https://debuginfod.ubuntu.com PYTHONPATH=/home/srki/yara_ws/install/yara_description/lib/python3.12/site-packages:/home/srki/yara_ws/install/yara_driver/lib/python3.12/site-packages:/opt/ros/jazzy/lib/python3.12/site-packages /usr/bin/cmake /home/srki/yara_ws/src/yara_moveit -DCMAKE_INSTALL_PREFIX=/home/srki/yara_ws/install/yara_moveit
[0.846s] Invoking command in '/home/srki/yara_ws/build/yara_moveit': AMENT_PREFIX_PATH=/home/srki/yara_ws/install/yara_description:/home/srki/yara_ws/install/yara_moveit:/home/srki/yara_ws/install/yara_driver:/opt/ros/jazzy CMAKE_PREFIX_PATH=${CMAKE_PREFIX_PATH}:/home/srki/yara_ws/install/yara_driver:/home/srki/yara_ws/install/yara_description:/opt/ros/jazzy DEBUGINFOD_URLS=https://debuginfod.ubuntu.com PYTHONPATH=/home/srki/yara_ws/install/yara_description/lib/python3.12/site-packages:/home/srki/yara_ws/install/yara_driver/lib/python3.12/site-packages:/opt/ros/jazzy/lib/python3.12/site-packages /usr/bin/cmake --build /home/srki/yara_ws/build/yara_moveit -- -j16 -l16
[0.887s] Invoked command in '/home/srki/yara_ws/build/yara_moveit' returned '0': AMENT_PREFIX_PATH=/home/srki/yara_ws/install/yara_description:/home/srki/yara_ws/install/yara_moveit:/home/srki/yara_ws/install/yara_driver:/opt/ros/jazzy CMAKE_PREFIX_PATH=${CMAKE_PREFIX_PATH}:/home/srki/yara_ws/install/yara_driver:/home/srki/yara_ws/install/yara_description:/opt/ros/jazzy DEBUGINFOD_URLS=https://debuginfod.ubuntu.com PYTHONPATH=/home/srki/yara_ws/install/yara_description/lib/python3.12/site-packages:/home/srki/yara_ws/install/yara_driver/lib/python3.12/site-packages:/opt/ros/jazzy/lib/python3.12/site-packages /usr/bin/cmake --build /home/srki/yara_ws/build/yara_moveit -- -j16 -l16
[0.900s] Invoking command in '/home/srki/yara_ws/build/yara_moveit': AMENT_PREFIX_PATH=/home/srki/yara_ws/install/yara_description:/home/srki/yara_ws/install/yara_moveit:/home/srki/yara_ws/install/yara_driver:/opt/ros/jazzy CMAKE_PREFIX_PATH=${CMAKE_PREFIX_PATH}:/home/srki/yara_ws/install/yara_driver:/home/srki/yara_ws/install/yara_description:/opt/ros/jazzy DEBUGINFOD_URLS=https://debuginfod.ubuntu.com PYTHONPATH=/home/srki/yara_ws/install/yara_description/lib/python3.12/site-packages:/home/srki/yara_ws/install/yara_driver/lib/python3.12/site-packages:/opt/ros/jazzy/lib/python3.12/site-packages /usr/bin/cmake --install /home/srki/yara_ws/build/yara_moveit
[0.909s] -- Install configuration: ""
[0.909s] -- Installing: /home/srki/yara_ws/install/yara_moveit/share/ament_index/resource_index/package_run_dependencies/yara_moveit
[0.909s] -- Installing: /home/srki/yara_ws/install/yara_moveit/share/ament_index/resource_index/parent_prefix_path/yara_moveit
[0.909s] -- Installing: /home/srki/yara_ws/install/yara_moveit/share/yara_moveit/environment/ament_prefix_path.sh
[0.909s] -- Installing: /home/srki/yara_ws/install/yara_moveit/share/yara_moveit/environment/ament_prefix_path.dsv
[0.909s] -- Installing: /home/srki/yara_ws/install/yara_moveit/share/yara_moveit/environment/path.sh
[0.909s] -- Installing: /home/srki/yara_ws/install/yara_moveit/share/yara_moveit/environment/path.dsv
[0.910s] -- Installing: /home/srki/yara_ws/install/yara_moveit/share/yara_moveit/local_setup.bash
[0.910s] -- Installing: /home/srki/yara_ws/install/yara_moveit/share/yara_moveit/local_setup.sh
[0.910s] -- Installing: /home/srki/yara_ws/install/yara_moveit/share/yara_moveit/local_setup.zsh
[0.910s] -- Installing: /home/srki/yara_ws/install/yara_moveit/share/yara_moveit/local_setup.dsv
[0.910s] -- Installing: /home/srki/yara_ws/install/yara_moveit/share/yara_moveit/package.dsv
[0.910s] -- Installing: /home/srki/yara_ws/install/yara_moveit/share/ament_index/resource_index/packages/yara_moveit
[0.910s] -- Installing: /home/srki/yara_ws/install/yara_moveit/share/yara_moveit/cmake/yara_moveitConfig.cmake
[0.910s] -- Installing: /home/srki/yara_ws/install/yara_moveit/share/yara_moveit/cmake/yara_moveitConfig-version.cmake
[0.910s] -- Installing: /home/srki/yara_ws/install/yara_moveit/share/yara_moveit/package.xml
[0.911s] -- Installing: /home/srki/yara_ws/install/yara_moveit/share/yara_moveit/launch
[0.911s] -- Installing: /home/srki/yara_ws/install/yara_moveit/share/yara_moveit/launch/demo.launch.py
[0.911s] -- Installing: /home/srki/yara_ws/install/yara_moveit/share/yara_moveit/launch/spawn_controllers.launch.py
[0.911s] -- Installing: /home/srki/yara_ws/install/yara_moveit/share/yara_moveit/launch/moveit_rviz.launch.py
[0.911s] -- Installing: /home/srki/yara_ws/install/yara_moveit/share/yara_moveit/launch/setup_assistant.launch.py
[0.911s] -- Installing: /home/srki/yara_ws/install/yara_moveit/share/yara_moveit/launch/warehouse_db.launch.py
[0.911s] -- Installing: /home/srki/yara_ws/install/yara_moveit/share/yara_moveit/launch/move_group.launch.py
[0.911s] -- Installing: /home/srki/yara_ws/install/yara_moveit/share/yara_moveit/launch/rsp.launch.py
[0.911s] -- Installing: /home/srki/yara_ws/install/yara_moveit/share/yara_moveit/launch/static_virtual_joint_tfs.launch.py
[0.911s] -- Installing: /home/srki/yara_ws/install/yara_moveit/share/yara_moveit/config
[0.911s] -- Installing: /home/srki/yara_ws/install/yara_moveit/share/yara_moveit/config/ros2_controllers.yaml
[0.912s] -- Installing: /home/srki/yara_ws/install/yara_moveit/share/yara_moveit/config/joint_limits.yaml
[0.912s] -- Installing: /home/srki/yara_ws/install/yara_moveit/share/yara_moveit/config/yara.srdf
[0.912s] -- Installing: /home/srki/yara_ws/install/yara_moveit/share/yara_moveit/config/yara.ros2_control.xacro
[0.912s] -- Installing: /home/srki/yara_ws/install/yara_moveit/share/yara_moveit/config/kinematics.yaml
[0.912s] -- Installing: /home/srki/yara_ws/install/yara_moveit/share/yara_moveit/config/sensors_3d.yaml
[0.912s] -- Installing: /home/srki/yara_ws/install/yara_moveit/share/yara_moveit/config/moveit.rviz
[0.912s] -- Installing: /home/srki/yara_ws/install/yara_moveit/share/yara_moveit/config/initial_positions.yaml
[0.912s] -- Installing: /home/srki/yara_ws/install/yara_moveit/share/yara_moveit/config/pilz_cartesian_limits.yaml
[0.912s] -- Installing: /home/srki/yara_ws/install/yara_moveit/share/yara_moveit/config/yara.urdf.xacro
[0.912s] -- Installing: /home/srki/yara_ws/install/yara_moveit/share/yara_moveit/config/moveit_controllers.yaml
[0.913s] -- Installing: /home/srki/yara_ws/install/yara_moveit/share/yara_moveit/.setup_assistant
[0.915s] Invoked command in '/home/srki/yara_ws/build/yara_moveit' returned '0': AMENT_PREFIX_PATH=/home/srki/yara_ws/install/yara_description:/home/srki/yara_ws/install/yara_moveit:/home/srki/yara_ws/install/yara_driver:/opt/ros/jazzy CMAKE_PREFIX_PATH=${CMAKE_PREFIX_PATH}:/home/srki/yara_ws/install/yara_driver:/home/srki/yara_ws/install/yara_description:/opt/ros/jazzy DEBUGINFOD_URLS=https://debuginfod.ubuntu.com PYTHONPATH=/home/srki/yara_ws/install/yara_description/lib/python3.12/site-packages:/home/srki/yara_ws/install/yara_driver/lib/python3.12/site-packages:/opt/ros/jazzy/lib/python3.12/site-packages /usr/bin/cmake --install /home/srki/yara_ws/build/yara_moveit
