[0.105s] DEBUG:colcon:Command line arguments: ['/usr/bin/colcon', 'build']
[0.105s] DEBUG:colcon:Parsed command line arguments: Namespace(log_base=None, log_level=None, verb_name='build', build_base='build', install_base='install', merge_install=False, symlink_install=False, test_result_base=None, continue_on_error=False, executor='parallel', parallel_workers=16, event_handlers=None, ignore_user_meta=False, metas=['./colcon.meta'], base_paths=['.'], packages_ignore=None, packages_ignore_regex=None, paths=None, packages_up_to=None, packages_up_to_regex=None, packages_above=None, packages_above_and_dependencies=None, packages_above_depth=None, packages_select_by_dep=None, packages_skip_by_dep=None, packages_skip_up_to=None, packages_select_build_failed=False, packages_skip_build_finished=False, packages_select_test_failures=False, packages_skip_test_passed=False, packages_select=None, packages_skip=None, packages_select_regex=None, packages_skip_regex=None, packages_start=None, packages_end=None, allow_overriding=[], cmake_args=None, cmake_target=None, cmake_target_skip_unavailable=False, cmake_clean_cache=False, cmake_clean_first=False, cmake_force_configure=False, ament_cmake_args=None, catkin_cmake_args=None, catkin_skip_building_tests=False, mixin_files=None, mixin=None, verb_parser=<colcon_mixin.mixin.mixin_argument.MixinArgumentDecorator object at 0x753f95bd1dc0>, verb_extension=<colcon_core.verb.build.BuildVerb object at 0x753f95bd1a00>, main=<bound method BuildVerb.main of <colcon_core.verb.build.BuildVerb object at 0x753f95bd1a00>>, mixin_verb=('build',))
[0.135s] Level 1:colcon.colcon_core.package_discovery:discover_packages(colcon_meta) check parameters
[0.135s] Level 1:colcon.colcon_core.package_discovery:discover_packages(recursive) check parameters
[0.135s] Level 1:colcon.colcon_core.package_discovery:discover_packages(ignore) check parameters
[0.135s] Level 1:colcon.colcon_core.package_discovery:discover_packages(path) check parameters
[0.135s] Level 1:colcon.colcon_core.package_discovery:discover_packages(colcon_meta) discover
[0.135s] Level 1:colcon.colcon_core.package_discovery:discover_packages(recursive) discover
[0.135s] INFO:colcon.colcon_core.package_discovery:Crawling recursively for packages in '/home/srki/yara_ws'
[0.135s] Level 1:colcon.colcon_core.package_identification:_identify(.) by extensions ['ignore', 'ignore_ament_install']
[0.135s] Level 1:colcon.colcon_core.package_identification:_identify(.) by extension 'ignore'
[0.135s] Level 1:colcon.colcon_core.package_identification:_identify(.) by extension 'ignore_ament_install'
[0.136s] Level 1:colcon.colcon_core.package_identification:_identify(.) by extensions ['colcon_pkg']
[0.136s] Level 1:colcon.colcon_core.package_identification:_identify(.) by extension 'colcon_pkg'
[0.136s] Level 1:colcon.colcon_core.package_identification:_identify(.) by extensions ['colcon_meta']
[0.136s] Level 1:colcon.colcon_core.package_identification:_identify(.) by extension 'colcon_meta'
[0.136s] Level 1:colcon.colcon_core.package_identification:_identify(.) by extensions ['ros']
[0.136s] Level 1:colcon.colcon_core.package_identification:_identify(.) by extension 'ros'
[0.153s] Level 1:colcon.colcon_core.package_identification:_identify(.) by extensions ['cmake', 'python']
[0.154s] Level 1:colcon.colcon_core.package_identification:_identify(.) by extension 'cmake'
[0.154s] Level 1:colcon.colcon_core.package_identification:_identify(.) by extension 'python'
[0.154s] Level 1:colcon.colcon_core.package_identification:_identify(.) by extensions ['python_setup_py']
[0.154s] Level 1:colcon.colcon_core.package_identification:_identify(.) by extension 'python_setup_py'
[0.154s] Level 1:colcon.colcon_core.package_identification:_identify(build) by extensions ['ignore', 'ignore_ament_install']
[0.154s] Level 1:colcon.colcon_core.package_identification:_identify(build) by extension 'ignore'
[0.154s] Level 1:colcon.colcon_core.package_identification:_identify(build) ignored
[0.154s] Level 1:colcon.colcon_core.package_identification:_identify(install) by extensions ['ignore', 'ignore_ament_install']
[0.154s] Level 1:colcon.colcon_core.package_identification:_identify(install) by extension 'ignore'
[0.154s] Level 1:colcon.colcon_core.package_identification:_identify(install) ignored
[0.154s] Level 1:colcon.colcon_core.package_identification:_identify(log) by extensions ['ignore', 'ignore_ament_install']
[0.154s] Level 1:colcon.colcon_core.package_identification:_identify(log) by extension 'ignore'
[0.154s] Level 1:colcon.colcon_core.package_identification:_identify(log) ignored
[0.154s] Level 1:colcon.colcon_core.package_identification:_identify(src) by extensions ['ignore', 'ignore_ament_install']
[0.154s] Level 1:colcon.colcon_core.package_identification:_identify(src) by extension 'ignore'
[0.154s] Level 1:colcon.colcon_core.package_identification:_identify(src) by extension 'ignore_ament_install'
[0.154s] Level 1:colcon.colcon_core.package_identification:_identify(src) by extensions ['colcon_pkg']
[0.154s] Level 1:colcon.colcon_core.package_identification:_identify(src) by extension 'colcon_pkg'
[0.154s] Level 1:colcon.colcon_core.package_identification:_identify(src) by extensions ['colcon_meta']
[0.154s] Level 1:colcon.colcon_core.package_identification:_identify(src) by extension 'colcon_meta'
[0.154s] Level 1:colcon.colcon_core.package_identification:_identify(src) by extensions ['ros']
[0.154s] Level 1:colcon.colcon_core.package_identification:_identify(src) by extension 'ros'
[0.154s] Level 1:colcon.colcon_core.package_identification:_identify(src) by extensions ['cmake', 'python']
[0.154s] Level 1:colcon.colcon_core.package_identification:_identify(src) by extension 'cmake'
[0.154s] Level 1:colcon.colcon_core.package_identification:_identify(src) by extension 'python'
[0.155s] Level 1:colcon.colcon_core.package_identification:_identify(src) by extensions ['python_setup_py']
[0.155s] Level 1:colcon.colcon_core.package_identification:_identify(src) by extension 'python_setup_py'
[0.155s] Level 1:colcon.colcon_core.package_identification:_identify(src/yara_description) by extensions ['ignore', 'ignore_ament_install']
[0.155s] Level 1:colcon.colcon_core.package_identification:_identify(src/yara_description) by extension 'ignore'
[0.155s] Level 1:colcon.colcon_core.package_identification:_identify(src/yara_description) by extension 'ignore_ament_install'
[0.155s] Level 1:colcon.colcon_core.package_identification:_identify(src/yara_description) by extensions ['colcon_pkg']
[0.155s] Level 1:colcon.colcon_core.package_identification:_identify(src/yara_description) by extension 'colcon_pkg'
[0.155s] Level 1:colcon.colcon_core.package_identification:_identify(src/yara_description) by extensions ['colcon_meta']
[0.155s] Level 1:colcon.colcon_core.package_identification:_identify(src/yara_description) by extension 'colcon_meta'
[0.155s] Level 1:colcon.colcon_core.package_identification:_identify(src/yara_description) by extensions ['ros']
[0.155s] Level 1:colcon.colcon_core.package_identification:_identify(src/yara_description) by extension 'ros'
[0.156s] DEBUG:colcon.colcon_core.package_identification:Package 'src/yara_description' with type 'ros.ament_python' and name 'yara_description'
[0.156s] Level 1:colcon.colcon_core.package_identification:_identify(src/yara_driver) by extensions ['ignore', 'ignore_ament_install']
[0.156s] Level 1:colcon.colcon_core.package_identification:_identify(src/yara_driver) by extension 'ignore'
[0.157s] Level 1:colcon.colcon_core.package_identification:_identify(src/yara_driver) by extension 'ignore_ament_install'
[0.157s] Level 1:colcon.colcon_core.package_identification:_identify(src/yara_driver) by extensions ['colcon_pkg']
[0.157s] Level 1:colcon.colcon_core.package_identification:_identify(src/yara_driver) by extension 'colcon_pkg'
[0.157s] Level 1:colcon.colcon_core.package_identification:_identify(src/yara_driver) by extensions ['colcon_meta']
[0.157s] Level 1:colcon.colcon_core.package_identification:_identify(src/yara_driver) by extension 'colcon_meta'
[0.157s] Level 1:colcon.colcon_core.package_identification:_identify(src/yara_driver) by extensions ['ros']
[0.157s] Level 1:colcon.colcon_core.package_identification:_identify(src/yara_driver) by extension 'ros'
[0.157s] DEBUG:colcon.colcon_core.package_identification:Package 'src/yara_driver' with type 'ros.ament_python' and name 'yara_driver'
[0.157s] Level 1:colcon.colcon_core.package_identification:_identify(src/yara_moveit) by extensions ['ignore', 'ignore_ament_install']
[0.157s] Level 1:colcon.colcon_core.package_identification:_identify(src/yara_moveit) by extension 'ignore'
[0.157s] Level 1:colcon.colcon_core.package_identification:_identify(src/yara_moveit) by extension 'ignore_ament_install'
[0.157s] Level 1:colcon.colcon_core.package_identification:_identify(src/yara_moveit) by extensions ['colcon_pkg']
[0.157s] Level 1:colcon.colcon_core.package_identification:_identify(src/yara_moveit) by extension 'colcon_pkg'
[0.157s] Level 1:colcon.colcon_core.package_identification:_identify(src/yara_moveit) by extensions ['colcon_meta']
[0.157s] Level 1:colcon.colcon_core.package_identification:_identify(src/yara_moveit) by extension 'colcon_meta'
[0.157s] Level 1:colcon.colcon_core.package_identification:_identify(src/yara_moveit) by extensions ['ros']
[0.157s] Level 1:colcon.colcon_core.package_identification:_identify(src/yara_moveit) by extension 'ros'
[0.158s] DEBUG:colcon.colcon_core.package_identification:Package 'src/yara_moveit' with type 'ros.ament_cmake' and name 'yara_moveit'
[0.158s] Level 1:colcon.colcon_core.package_discovery:discover_packages(recursive) using defaults
[0.158s] Level 1:colcon.colcon_core.package_discovery:discover_packages(ignore) discover
[0.158s] Level 1:colcon.colcon_core.package_discovery:discover_packages(ignore) using defaults
[0.158s] Level 1:colcon.colcon_core.package_discovery:discover_packages(path) discover
[0.158s] Level 1:colcon.colcon_core.package_discovery:discover_packages(path) using defaults
[0.171s] Level 1:colcon.colcon_core.package_discovery:discover_packages(prefix_path) check parameters
[0.171s] Level 1:colcon.colcon_core.package_discovery:discover_packages(prefix_path) discover
[0.174s] DEBUG:colcon.colcon_installed_package_information.package_discovery:Found 3 installed packages in /home/srki/yara_ws/install
[0.176s] DEBUG:colcon.colcon_installed_package_information.package_discovery:Found 409 installed packages in /opt/ros/jazzy
[0.177s] Level 1:colcon.colcon_core.package_discovery:discover_packages(prefix_path) using defaults
[0.220s] Level 5:colcon.colcon_core.verb:set package 'yara_description' build argument 'cmake_args' from command line to 'None'
[0.220s] Level 5:colcon.colcon_core.verb:set package 'yara_description' build argument 'cmake_target' from command line to 'None'
[0.220s] Level 5:colcon.colcon_core.verb:set package 'yara_description' build argument 'cmake_target_skip_unavailable' from command line to 'False'
[0.220s] Level 5:colcon.colcon_core.verb:set package 'yara_description' build argument 'cmake_clean_cache' from command line to 'False'
[0.220s] Level 5:colcon.colcon_core.verb:set package 'yara_description' build argument 'cmake_clean_first' from command line to 'False'
[0.220s] Level 5:colcon.colcon_core.verb:set package 'yara_description' build argument 'cmake_force_configure' from command line to 'False'
[0.220s] Level 5:colcon.colcon_core.verb:set package 'yara_description' build argument 'ament_cmake_args' from command line to 'None'
[0.220s] Level 5:colcon.colcon_core.verb:set package 'yara_description' build argument 'catkin_cmake_args' from command line to 'None'
[0.220s] Level 5:colcon.colcon_core.verb:set package 'yara_description' build argument 'catkin_skip_building_tests' from command line to 'False'
[0.220s] DEBUG:colcon.colcon_core.verb:Building package 'yara_description' with the following arguments: {'ament_cmake_args': None, 'build_base': '/home/srki/yara_ws/build/yara_description', 'catkin_cmake_args': None, 'catkin_skip_building_tests': False, 'cmake_args': None, 'cmake_clean_cache': False, 'cmake_clean_first': False, 'cmake_force_configure': False, 'cmake_target': None, 'cmake_target_skip_unavailable': False, 'install_base': '/home/srki/yara_ws/install/yara_description', 'merge_install': False, 'path': '/home/srki/yara_ws/src/yara_description', 'symlink_install': False, 'test_result_base': None}
[0.220s] Level 5:colcon.colcon_core.verb:set package 'yara_driver' build argument 'cmake_args' from command line to 'None'
[0.220s] Level 5:colcon.colcon_core.verb:set package 'yara_driver' build argument 'cmake_target' from command line to 'None'
[0.220s] Level 5:colcon.colcon_core.verb:set package 'yara_driver' build argument 'cmake_target_skip_unavailable' from command line to 'False'
[0.220s] Level 5:colcon.colcon_core.verb:set package 'yara_driver' build argument 'cmake_clean_cache' from command line to 'False'
[0.220s] Level 5:colcon.colcon_core.verb:set package 'yara_driver' build argument 'cmake_clean_first' from command line to 'False'
[0.220s] Level 5:colcon.colcon_core.verb:set package 'yara_driver' build argument 'cmake_force_configure' from command line to 'False'
[0.220s] Level 5:colcon.colcon_core.verb:set package 'yara_driver' build argument 'ament_cmake_args' from command line to 'None'
[0.220s] Level 5:colcon.colcon_core.verb:set package 'yara_driver' build argument 'catkin_cmake_args' from command line to 'None'
[0.220s] Level 5:colcon.colcon_core.verb:set package 'yara_driver' build argument 'catkin_skip_building_tests' from command line to 'False'
[0.220s] DEBUG:colcon.colcon_core.verb:Building package 'yara_driver' with the following arguments: {'ament_cmake_args': None, 'build_base': '/home/srki/yara_ws/build/yara_driver', 'catkin_cmake_args': None, 'catkin_skip_building_tests': False, 'cmake_args': None, 'cmake_clean_cache': False, 'cmake_clean_first': False, 'cmake_force_configure': False, 'cmake_target': None, 'cmake_target_skip_unavailable': False, 'install_base': '/home/srki/yara_ws/install/yara_driver', 'merge_install': False, 'path': '/home/srki/yara_ws/src/yara_driver', 'symlink_install': False, 'test_result_base': None}
[0.220s] Level 5:colcon.colcon_core.verb:set package 'yara_moveit' build argument 'cmake_args' from command line to 'None'
[0.220s] Level 5:colcon.colcon_core.verb:set package 'yara_moveit' build argument 'cmake_target' from command line to 'None'
[0.220s] Level 5:colcon.colcon_core.verb:set package 'yara_moveit' build argument 'cmake_target_skip_unavailable' from command line to 'False'
[0.220s] Level 5:colcon.colcon_core.verb:set package 'yara_moveit' build argument 'cmake_clean_cache' from command line to 'False'
[0.220s] Level 5:colcon.colcon_core.verb:set package 'yara_moveit' build argument 'cmake_clean_first' from command line to 'False'
[0.220s] Level 5:colcon.colcon_core.verb:set package 'yara_moveit' build argument 'cmake_force_configure' from command line to 'False'
[0.220s] Level 5:colcon.colcon_core.verb:set package 'yara_moveit' build argument 'ament_cmake_args' from command line to 'None'
[0.220s] Level 5:colcon.colcon_core.verb:set package 'yara_moveit' build argument 'catkin_cmake_args' from command line to 'None'
[0.220s] Level 5:colcon.colcon_core.verb:set package 'yara_moveit' build argument 'catkin_skip_building_tests' from command line to 'False'
[0.220s] DEBUG:colcon.colcon_core.verb:Building package 'yara_moveit' with the following arguments: {'ament_cmake_args': None, 'build_base': '/home/srki/yara_ws/build/yara_moveit', 'catkin_cmake_args': None, 'catkin_skip_building_tests': False, 'cmake_args': None, 'cmake_clean_cache': False, 'cmake_clean_first': False, 'cmake_force_configure': False, 'cmake_target': None, 'cmake_target_skip_unavailable': False, 'install_base': '/home/srki/yara_ws/install/yara_moveit', 'merge_install': False, 'path': '/home/srki/yara_ws/src/yara_moveit', 'symlink_install': False, 'test_result_base': None}
[0.221s] INFO:colcon.colcon_core.executor:Executing jobs using 'parallel' executor
[0.221s] DEBUG:colcon.colcon_parallel_executor.executor.parallel:run_until_complete
[0.221s] INFO:colcon.colcon_ros.task.ament_python.build:Building ROS package in '/home/srki/yara_ws/src/yara_description' with build type 'ament_python'
[0.221s] Level 1:colcon.colcon_core.shell:create_environment_hook('yara_description', 'ament_prefix_path')
[0.224s] INFO:colcon.colcon_core.plugin_system:Skipping extension 'colcon_core.shell.bat': Not used on non-Windows systems
[0.224s] INFO:colcon.colcon_core.shell:Creating environment hook '/home/srki/yara_ws/install/yara_description/share/yara_description/hook/ament_prefix_path.ps1'
[0.225s] INFO:colcon.colcon_core.shell:Creating environment descriptor '/home/srki/yara_ws/install/yara_description/share/yara_description/hook/ament_prefix_path.dsv'
[0.226s] INFO:colcon.colcon_core.shell:Creating environment hook '/home/srki/yara_ws/install/yara_description/share/yara_description/hook/ament_prefix_path.sh'
[0.226s] INFO:colcon.colcon_core.shell:Skip shell extension 'powershell' for command environment: Not usable outside of PowerShell
[0.226s] DEBUG:colcon.colcon_core.shell:Skip shell extension 'dsv' for command environment
[0.230s] INFO:colcon.colcon_ros.task.ament_python.build:Building ROS package in '/home/srki/yara_ws/src/yara_driver' with build type 'ament_python'
[0.230s] Level 1:colcon.colcon_core.shell:create_environment_hook('yara_driver', 'ament_prefix_path')
[0.230s] INFO:colcon.colcon_core.shell:Creating environment hook '/home/srki/yara_ws/install/yara_driver/share/yara_driver/hook/ament_prefix_path.ps1'
[0.230s] INFO:colcon.colcon_core.shell:Creating environment descriptor '/home/srki/yara_ws/install/yara_driver/share/yara_driver/hook/ament_prefix_path.dsv'
[0.231s] INFO:colcon.colcon_core.shell:Creating environment hook '/home/srki/yara_ws/install/yara_driver/share/yara_driver/hook/ament_prefix_path.sh'
[0.231s] INFO:colcon.colcon_core.shell:Skip shell extension 'powershell' for command environment: Not usable outside of PowerShell
[0.231s] DEBUG:colcon.colcon_core.shell:Skip shell extension 'dsv' for command environment
[0.426s] INFO:colcon.colcon_core.task.python.build:Building Python package in '/home/srki/yara_ws/src/yara_description'
[0.426s] INFO:colcon.colcon_core.shell:Skip shell extension 'powershell' for command environment: Not usable outside of PowerShell
[0.426s] DEBUG:colcon.colcon_core.shell:Skip shell extension 'dsv' for command environment
[0.619s] INFO:colcon.colcon_core.task.python.build:Building Python package in '/home/srki/yara_ws/src/yara_driver'
[0.619s] INFO:colcon.colcon_core.shell:Skip shell extension 'powershell' for command environment: Not usable outside of PowerShell
[0.619s] DEBUG:colcon.colcon_core.shell:Skip shell extension 'dsv' for command environment
[1.404s] DEBUG:colcon.colcon_core.event_handler.log_command:Invoking command in '/home/srki/yara_ws/src/yara_description': DEBUGINFOD_URLS=https://debuginfod.ubuntu.com PYTHONPATH=/home/srki/yara_ws/build/yara_description/prefix_override:/usr/lib/python3/dist-packages/colcon_core/task/python/colcon_distutils_commands:/home/srki/yara_ws/install/yara_description/lib/python3.12/site-packages:${PYTHONPATH} /usr/bin/python3 -W ignore:setup.py install is deprecated -W ignore:easy_install command is deprecated setup.py egg_info --egg-base ../../build/yara_description build --build-base /home/srki/yara_ws/build/yara_description/build install --record /home/srki/yara_ws/build/yara_description/install.log --single-version-externally-managed install_data
[1.407s] DEBUG:colcon.colcon_core.event_handler.log_command:Invoking command in '/home/srki/yara_ws/src/yara_driver': DEBUGINFOD_URLS=https://debuginfod.ubuntu.com PYTHONPATH=/home/srki/yara_ws/build/yara_driver/prefix_override:/usr/lib/python3/dist-packages/colcon_core/task/python/colcon_distutils_commands:/home/srki/yara_ws/install/yara_driver/lib/python3.12/site-packages:${PYTHONPATH} /usr/bin/python3 -W ignore:setup.py install is deprecated -W ignore:easy_install command is deprecated setup.py egg_info --egg-base ../../build/yara_driver build --build-base /home/srki/yara_ws/build/yara_driver/build install --record /home/srki/yara_ws/build/yara_driver/install.log --single-version-externally-managed install_data
[1.997s] DEBUG:colcon.colcon_core.event_handler.log_command:Invoked command in '/home/srki/yara_ws/src/yara_driver' returned '0': DEBUGINFOD_URLS=https://debuginfod.ubuntu.com PYTHONPATH=/home/srki/yara_ws/build/yara_driver/prefix_override:/usr/lib/python3/dist-packages/colcon_core/task/python/colcon_distutils_commands:/home/srki/yara_ws/install/yara_driver/lib/python3.12/site-packages:${PYTHONPATH} /usr/bin/python3 -W ignore:setup.py install is deprecated -W ignore:easy_install command is deprecated setup.py egg_info --egg-base ../../build/yara_driver build --build-base /home/srki/yara_ws/build/yara_driver/build install --record /home/srki/yara_ws/build/yara_driver/install.log --single-version-externally-managed install_data
[2.003s] Level 1:colcon.colcon_core.environment:checking '/home/srki/yara_ws/install/yara_driver' for CMake module files
[2.003s] Level 1:colcon.colcon_core.environment:checking '/home/srki/yara_ws/install/yara_driver' for CMake config files
[2.004s] Level 1:colcon.colcon_core.environment:checking '/home/srki/yara_ws/install/yara_driver/lib'
[2.004s] Level 1:colcon.colcon_core.environment:checking '/home/srki/yara_ws/install/yara_driver/bin'
[2.004s] Level 1:colcon.colcon_core.environment:checking '/home/srki/yara_ws/install/yara_driver/lib/pkgconfig/yara_driver.pc'
[2.004s] Level 1:colcon.colcon_core.environment:checking '/home/srki/yara_ws/install/yara_driver/lib/python3.12/site-packages'
[2.004s] Level 1:colcon.colcon_core.shell:create_environment_hook('yara_driver', 'pythonpath')
[2.004s] INFO:colcon.colcon_core.shell:Creating environment hook '/home/srki/yara_ws/install/yara_driver/share/yara_driver/hook/pythonpath.ps1'
[2.005s] INFO:colcon.colcon_core.shell:Creating environment descriptor '/home/srki/yara_ws/install/yara_driver/share/yara_driver/hook/pythonpath.dsv'
[2.005s] INFO:colcon.colcon_core.shell:Creating environment hook '/home/srki/yara_ws/install/yara_driver/share/yara_driver/hook/pythonpath.sh'
[2.005s] Level 1:colcon.colcon_core.environment:checking '/home/srki/yara_ws/install/yara_driver/bin'
[2.005s] Level 1:colcon.colcon_core.environment:create_environment_scripts_only(yara_driver)
[2.005s] INFO:colcon.colcon_core.shell:Creating package script '/home/srki/yara_ws/install/yara_driver/share/yara_driver/package.ps1'
[2.006s] INFO:colcon.colcon_core.shell:Creating package descriptor '/home/srki/yara_ws/install/yara_driver/share/yara_driver/package.dsv'
[2.007s] INFO:colcon.colcon_core.shell:Creating package script '/home/srki/yara_ws/install/yara_driver/share/yara_driver/package.sh'
[2.007s] INFO:colcon.colcon_core.shell:Creating package script '/home/srki/yara_ws/install/yara_driver/share/yara_driver/package.bash'
[2.008s] INFO:colcon.colcon_core.shell:Creating package script '/home/srki/yara_ws/install/yara_driver/share/yara_driver/package.zsh'
[2.009s] Level 1:colcon.colcon_core.environment:create_file_with_runtime_dependencies(/home/srki/yara_ws/install/yara_driver/share/colcon-core/packages/yara_driver)
[2.015s] Level 1:colcon.colcon_core.environment:checking '/home/srki/yara_ws/install/yara_description' for CMake module files
[2.016s] DEBUG:colcon.colcon_core.event_handler.log_command:Invoked command in '/home/srki/yara_ws/src/yara_description' returned '0': DEBUGINFOD_URLS=https://debuginfod.ubuntu.com PYTHONPATH=/home/srki/yara_ws/build/yara_description/prefix_override:/usr/lib/python3/dist-packages/colcon_core/task/python/colcon_distutils_commands:/home/srki/yara_ws/install/yara_description/lib/python3.12/site-packages:${PYTHONPATH} /usr/bin/python3 -W ignore:setup.py install is deprecated -W ignore:easy_install command is deprecated setup.py egg_info --egg-base ../../build/yara_description build --build-base /home/srki/yara_ws/build/yara_description/build install --record /home/srki/yara_ws/build/yara_description/install.log --single-version-externally-managed install_data
[2.016s] Level 1:colcon.colcon_core.environment:checking '/home/srki/yara_ws/install/yara_description' for CMake config files
[2.016s] Level 1:colcon.colcon_core.environment:checking '/home/srki/yara_ws/install/yara_description/lib'
[2.016s] Level 1:colcon.colcon_core.environment:checking '/home/srki/yara_ws/install/yara_description/bin'
[2.016s] Level 1:colcon.colcon_core.environment:checking '/home/srki/yara_ws/install/yara_description/lib/pkgconfig/yara_description.pc'
[2.017s] Level 1:colcon.colcon_core.environment:checking '/home/srki/yara_ws/install/yara_description/lib/python3.12/site-packages'
[2.017s] Level 1:colcon.colcon_core.shell:create_environment_hook('yara_description', 'pythonpath')
[2.017s] INFO:colcon.colcon_core.shell:Creating environment hook '/home/srki/yara_ws/install/yara_description/share/yara_description/hook/pythonpath.ps1'
[2.018s] INFO:colcon.colcon_core.shell:Creating environment descriptor '/home/srki/yara_ws/install/yara_description/share/yara_description/hook/pythonpath.dsv'
[2.018s] INFO:colcon.colcon_core.shell:Creating environment hook '/home/srki/yara_ws/install/yara_description/share/yara_description/hook/pythonpath.sh'
[2.018s] Level 1:colcon.colcon_core.environment:checking '/home/srki/yara_ws/install/yara_description/bin'
[2.018s] Level 1:colcon.colcon_core.environment:create_environment_scripts_only(yara_description)
[2.018s] INFO:colcon.colcon_core.shell:Creating package script '/home/srki/yara_ws/install/yara_description/share/yara_description/package.ps1'
[2.019s] INFO:colcon.colcon_core.shell:Creating package descriptor '/home/srki/yara_ws/install/yara_description/share/yara_description/package.dsv'
[2.019s] INFO:colcon.colcon_core.shell:Creating package script '/home/srki/yara_ws/install/yara_description/share/yara_description/package.sh'
[2.019s] INFO:colcon.colcon_core.shell:Creating package script '/home/srki/yara_ws/install/yara_description/share/yara_description/package.bash'
[2.020s] INFO:colcon.colcon_core.shell:Creating package script '/home/srki/yara_ws/install/yara_description/share/yara_description/package.zsh'
[2.020s] Level 1:colcon.colcon_core.environment:create_file_with_runtime_dependencies(/home/srki/yara_ws/install/yara_description/share/colcon-core/packages/yara_description)
[2.020s] INFO:colcon.colcon_ros.task.ament_cmake.build:Building ROS package in '/home/srki/yara_ws/src/yara_moveit' with build type 'ament_cmake'
[2.020s] INFO:colcon.colcon_cmake.task.cmake.build:Building CMake package in '/home/srki/yara_ws/src/yara_moveit'
[2.020s] INFO:colcon.colcon_core.shell:Skip shell extension 'powershell' for command environment: Not usable outside of PowerShell
[2.020s] DEBUG:colcon.colcon_core.shell:Skip shell extension 'dsv' for command environment
[2.029s] DEBUG:colcon.colcon_core.event_handler.log_command:Invoking command in '/home/srki/yara_ws/build/yara_moveit': AMENT_PREFIX_PATH=/home/srki/yara_ws/install/yara_description:/home/srki/yara_ws/install/yara_moveit:/home/srki/yara_ws/install/yara_driver:/opt/ros/jazzy CMAKE_PREFIX_PATH=${CMAKE_PREFIX_PATH}:/home/srki/yara_ws/install/yara_driver:/home/srki/yara_ws/install/yara_description:/opt/ros/jazzy DEBUGINFOD_URLS=https://debuginfod.ubuntu.com PYTHONPATH=/home/srki/yara_ws/install/yara_description/lib/python3.12/site-packages:/home/srki/yara_ws/install/yara_driver/lib/python3.12/site-packages:/opt/ros/jazzy/lib/python3.12/site-packages /usr/bin/cmake --build /home/srki/yara_ws/build/yara_moveit -- -j16 -l16
[2.126s] DEBUG:colcon.colcon_core.event_handler.log_command:Invoked command in '/home/srki/yara_ws/build/yara_moveit' returned '0': AMENT_PREFIX_PATH=/home/srki/yara_ws/install/yara_description:/home/srki/yara_ws/install/yara_moveit:/home/srki/yara_ws/install/yara_driver:/opt/ros/jazzy CMAKE_PREFIX_PATH=${CMAKE_PREFIX_PATH}:/home/srki/yara_ws/install/yara_driver:/home/srki/yara_ws/install/yara_description:/opt/ros/jazzy DEBUGINFOD_URLS=https://debuginfod.ubuntu.com PYTHONPATH=/home/srki/yara_ws/install/yara_description/lib/python3.12/site-packages:/home/srki/yara_ws/install/yara_driver/lib/python3.12/site-packages:/opt/ros/jazzy/lib/python3.12/site-packages /usr/bin/cmake --build /home/srki/yara_ws/build/yara_moveit -- -j16 -l16
[2.139s] DEBUG:colcon.colcon_core.event_handler.log_command:Invoking command in '/home/srki/yara_ws/build/yara_moveit': AMENT_PREFIX_PATH=/home/srki/yara_ws/install/yara_description:/home/srki/yara_ws/install/yara_moveit:/home/srki/yara_ws/install/yara_driver:/opt/ros/jazzy CMAKE_PREFIX_PATH=${CMAKE_PREFIX_PATH}:/home/srki/yara_ws/install/yara_driver:/home/srki/yara_ws/install/yara_description:/opt/ros/jazzy DEBUGINFOD_URLS=https://debuginfod.ubuntu.com PYTHONPATH=/home/srki/yara_ws/install/yara_description/lib/python3.12/site-packages:/home/srki/yara_ws/install/yara_driver/lib/python3.12/site-packages:/opt/ros/jazzy/lib/python3.12/site-packages /usr/bin/cmake --install /home/srki/yara_ws/build/yara_moveit
[2.152s] Level 1:colcon.colcon_core.environment:create_environment_scripts_only(yara_moveit)
[2.153s] Level 1:colcon.colcon_core.environment:checking '/home/srki/yara_ws/install/yara_moveit' for CMake module files
[2.153s] DEBUG:colcon.colcon_core.event_handler.log_command:Invoked command in '/home/srki/yara_ws/build/yara_moveit' returned '0': AMENT_PREFIX_PATH=/home/srki/yara_ws/install/yara_description:/home/srki/yara_ws/install/yara_moveit:/home/srki/yara_ws/install/yara_driver:/opt/ros/jazzy CMAKE_PREFIX_PATH=${CMAKE_PREFIX_PATH}:/home/srki/yara_ws/install/yara_driver:/home/srki/yara_ws/install/yara_description:/opt/ros/jazzy DEBUGINFOD_URLS=https://debuginfod.ubuntu.com PYTHONPATH=/home/srki/yara_ws/install/yara_description/lib/python3.12/site-packages:/home/srki/yara_ws/install/yara_driver/lib/python3.12/site-packages:/opt/ros/jazzy/lib/python3.12/site-packages /usr/bin/cmake --install /home/srki/yara_ws/build/yara_moveit
[2.153s] Level 1:colcon.colcon_core.environment:checking '/home/srki/yara_ws/install/yara_moveit' for CMake config files
[2.153s] Level 1:colcon.colcon_core.shell:create_environment_hook('yara_moveit', 'cmake_prefix_path')
[2.154s] INFO:colcon.colcon_core.shell:Creating environment hook '/home/srki/yara_ws/install/yara_moveit/share/yara_moveit/hook/cmake_prefix_path.ps1'
[2.154s] INFO:colcon.colcon_core.shell:Creating environment descriptor '/home/srki/yara_ws/install/yara_moveit/share/yara_moveit/hook/cmake_prefix_path.dsv'
[2.154s] INFO:colcon.colcon_core.shell:Creating environment hook '/home/srki/yara_ws/install/yara_moveit/share/yara_moveit/hook/cmake_prefix_path.sh'
[2.155s] Level 1:colcon.colcon_core.environment:checking '/home/srki/yara_ws/install/yara_moveit/bin'
[2.155s] Level 1:colcon.colcon_core.environment:checking '/home/srki/yara_ws/install/yara_moveit/lib/pkgconfig/yara_moveit.pc'
[2.155s] Level 1:colcon.colcon_core.environment:checking '/home/srki/yara_ws/install/yara_moveit/lib/python3.12/site-packages'
[2.155s] Level 1:colcon.colcon_core.environment:checking '/home/srki/yara_ws/install/yara_moveit/bin'
[2.155s] INFO:colcon.colcon_core.shell:Creating package script '/home/srki/yara_ws/install/yara_moveit/share/yara_moveit/package.ps1'
[2.155s] INFO:colcon.colcon_core.shell:Creating package descriptor '/home/srki/yara_ws/install/yara_moveit/share/yara_moveit/package.dsv'
[2.156s] INFO:colcon.colcon_core.shell:Creating package script '/home/srki/yara_ws/install/yara_moveit/share/yara_moveit/package.sh'
[2.156s] INFO:colcon.colcon_core.shell:Creating package script '/home/srki/yara_ws/install/yara_moveit/share/yara_moveit/package.bash'
[2.156s] INFO:colcon.colcon_core.shell:Creating package script '/home/srki/yara_ws/install/yara_moveit/share/yara_moveit/package.zsh'
[2.157s] Level 1:colcon.colcon_core.environment:create_file_with_runtime_dependencies(/home/srki/yara_ws/install/yara_moveit/share/colcon-core/packages/yara_moveit)
[2.157s] Level 1:colcon.colcon_core.environment:create_environment_scripts_only(yara_moveit)
[2.157s] Level 1:colcon.colcon_core.environment:checking '/home/srki/yara_ws/install/yara_moveit' for CMake module files
[2.157s] Level 1:colcon.colcon_core.environment:checking '/home/srki/yara_ws/install/yara_moveit' for CMake config files
[2.158s] Level 1:colcon.colcon_core.shell:create_environment_hook('yara_moveit', 'cmake_prefix_path')
[2.158s] INFO:colcon.colcon_core.shell:Creating environment hook '/home/srki/yara_ws/install/yara_moveit/share/yara_moveit/hook/cmake_prefix_path.ps1'
[2.158s] INFO:colcon.colcon_core.shell:Creating environment descriptor '/home/srki/yara_ws/install/yara_moveit/share/yara_moveit/hook/cmake_prefix_path.dsv'
[2.158s] INFO:colcon.colcon_core.shell:Creating environment hook '/home/srki/yara_ws/install/yara_moveit/share/yara_moveit/hook/cmake_prefix_path.sh'
[2.159s] Level 1:colcon.colcon_core.environment:checking '/home/srki/yara_ws/install/yara_moveit/bin'
[2.159s] Level 1:colcon.colcon_core.environment:checking '/home/srki/yara_ws/install/yara_moveit/lib/pkgconfig/yara_moveit.pc'
[2.159s] Level 1:colcon.colcon_core.environment:checking '/home/srki/yara_ws/install/yara_moveit/lib/python3.12/site-packages'
[2.159s] Level 1:colcon.colcon_core.environment:checking '/home/srki/yara_ws/install/yara_moveit/bin'
[2.159s] INFO:colcon.colcon_core.shell:Creating package script '/home/srki/yara_ws/install/yara_moveit/share/yara_moveit/package.ps1'
[2.159s] INFO:colcon.colcon_core.shell:Creating package descriptor '/home/srki/yara_ws/install/yara_moveit/share/yara_moveit/package.dsv'
[2.160s] INFO:colcon.colcon_core.shell:Creating package script '/home/srki/yara_ws/install/yara_moveit/share/yara_moveit/package.sh'
[2.160s] INFO:colcon.colcon_core.shell:Creating package script '/home/srki/yara_ws/install/yara_moveit/share/yara_moveit/package.bash'
[2.160s] INFO:colcon.colcon_core.shell:Creating package script '/home/srki/yara_ws/install/yara_moveit/share/yara_moveit/package.zsh'
[2.160s] Level 1:colcon.colcon_core.environment:create_file_with_runtime_dependencies(/home/srki/yara_ws/install/yara_moveit/share/colcon-core/packages/yara_moveit)
[2.161s] DEBUG:colcon.colcon_parallel_executor.executor.parallel:closing loop
[2.161s] DEBUG:colcon.colcon_parallel_executor.executor.parallel:loop closed
[2.161s] DEBUG:colcon.colcon_parallel_executor.executor.parallel:run_until_complete finished with '0'
[2.161s] DEBUG:colcon.colcon_core.event_reactor:joining thread
[2.167s] INFO:colcon.colcon_core.plugin_system:Skipping extension 'colcon_notification.desktop_notification.terminal_notifier': Not used on non-Darwin systems
[2.167s] INFO:colcon.colcon_core.plugin_system:Skipping extension 'colcon_notification.desktop_notification.win32': Not used on non-Windows systems
[2.167s] INFO:colcon.colcon_notification.desktop_notification:Sending desktop notification using 'notify2'
[2.182s] DEBUG:colcon.colcon_core.event_reactor:joined thread
[2.182s] INFO:colcon.colcon_core.shell:Creating prefix script '/home/srki/yara_ws/install/local_setup.ps1'
[2.184s] INFO:colcon.colcon_core.shell:Creating prefix util module '/home/srki/yara_ws/install/_local_setup_util_ps1.py'
[2.185s] INFO:colcon.colcon_core.shell:Creating prefix chain script '/home/srki/yara_ws/install/setup.ps1'
[2.186s] INFO:colcon.colcon_core.shell:Creating prefix script '/home/srki/yara_ws/install/local_setup.sh'
[2.187s] INFO:colcon.colcon_core.shell:Creating prefix util module '/home/srki/yara_ws/install/_local_setup_util_sh.py'
[2.187s] INFO:colcon.colcon_core.shell:Creating prefix chain script '/home/srki/yara_ws/install/setup.sh'
[2.188s] INFO:colcon.colcon_core.shell:Creating prefix script '/home/srki/yara_ws/install/local_setup.bash'
[2.188s] INFO:colcon.colcon_core.shell:Creating prefix chain script '/home/srki/yara_ws/install/setup.bash'
[2.189s] INFO:colcon.colcon_core.shell:Creating prefix script '/home/srki/yara_ws/install/local_setup.zsh'
[2.189s] INFO:colcon.colcon_core.shell:Creating prefix chain script '/home/srki/yara_ws/install/setup.zsh'
